Log file open, 07/11/23 14:20:31
LogWindows: Failed to load 'aqProf.dll' (GetLastError=126)
LogWindows: File 'aqProf.dll' does not exist
LogWindows: Failed to load 'VtuneApi.dll' (GetLastError=126)
LogWindows: File 'VtuneApi.dll' does not exist
LogWindows: Failed to load 'VtuneApi32e.dll' (GetLastError=126)
LogWindows: File 'VtuneApi32e.dll' does not exist
LogConsoleResponse: Display: Failed to find resolution value strings in scalability ini. Falling back to default.
LogInit: Display: Running engine for game: 我的项目
LogPakFile: Registered encryption key '00000000000000000000000000000000': 0 pak files mounted, 0 remain pending
LogPlatformFile: Not using cached read wrapper
LogTaskGraph: Started task graph with 5 named threads and 47 total threads with 3 sets of task threads.
LogStats: Stats thread started at 0.737400
LogD3D11RHI: Loaded GFSDK_Aftermath_Lib.x64.dll
LogICUInternationalization: ICU TimeZone Detection - Raw Offset: +8:00, Platform Override: ''
LogPluginManager: Mounting plugin Paper2D
LogPluginManager: Mounting plugin AISupport
LogPluginManager: Mounting plugin LightPropagationVolume
LogPluginManager: Mounting plugin ActorLayerUtilities
LogPluginManager: Mounting plugin AnimationSharing
LogPluginManager: Mounting plugin CLionSourceCodeAccess
LogPluginManager: Mounting plugin CodeLiteSourceCodeAccess
LogPluginManager: Mounting plugin GitSourceControl
LogPluginManager: Mounting plugin KDevelopSourceCodeAccess
LogPluginManager: Mounting plugin NullSourceCodeAccess
LogPluginManager: Mounting plugin PerforceSourceControl
LogPluginManager: Mounting plugin SubversionSourceControl
LogPluginManager: Mounting plugin UObjectPlugin
LogPluginManager: Mounting plugin VisualStudioCodeSourceCodeAccess
LogPluginManager: Mounting plugin VisualStudioSourceCodeAccess
LogPluginManager: Mounting plugin XCodeSourceCodeAccess
LogPluginManager: Mounting plugin AssetManagerEditor
LogPluginManager: Mounting plugin CryptoKeys
LogPluginManager: Mounting plugin DataValidation
LogPluginManager: Mounting plugin FacialAnimation
LogPluginManager: Mounting plugin GameplayTagsEditor
LogPluginManager: Mounting plugin MacGraphicsSwitching
LogPluginManager: Mounting plugin MaterialAnalyzer
LogPluginManager: Mounting plugin MobileLauncherProfileWizard
LogPluginManager: Mounting plugin PluginBrowser
LogPluginManager: Mounting plugin SpeedTreeImporter
LogPluginManager: Mounting plugin DatasmithContent
LogPluginManager: Mounting plugin VariantManagerContent
LogPluginManager: Mounting plugin AlembicImporter
LogPluginManager: Mounting plugin AppleImageUtils
LogPluginManager: Mounting plugin AppleVision
LogPluginManager: Mounting plugin BackChannel
LogPluginManager: Mounting plugin CharacterAI
LogPluginManager: Mounting plugin GeometryCache
LogPluginManager: Mounting plugin HTML5Networking
LogPluginManager: Mounting plugin ProxyLODPlugin
LogPluginManager: Mounting plugin SkeletalReduction
LogPluginManager: Mounting plugin MagicLeap
LogPluginManager: Mounting plugin MagicLeapMedia
LogPluginManager: Mounting plugin AndroidMedia
LogPluginManager: Mounting plugin AvfMedia
LogPluginManager: Mounting plugin ImgMedia
LogPluginManager: Mounting plugin LinearTimecode
LogPluginManager: Mounting plugin MediaCompositing
LogPluginManager: Mounting plugin MediaPlayerEditor
LogPluginManager: Mounting plugin WebMMedia
LogPluginManager: Mounting plugin WmfMedia
LogPluginManager: Mounting plugin TcpMessaging
LogPluginManager: Mounting plugin UdpMessaging
LogPluginManager: Mounting plugin ActorSequence
LogPluginManager: Mounting plugin LevelSequenceEditor
LogPluginManager: Mounting plugin MatineeToLevelSequence
LogPluginManager: Mounting plugin NetcodeUnitTest
LogPluginManager: Mounting plugin NUTUnrealEngine4
LogPluginManager: Mounting plugin OnlineSubsystemGooglePlay
LogPluginManager: Mounting plugin OnlineSubsystemIOS
LogPluginManager: Mounting plugin OnlineSubsystem
LogPluginManager: Mounting plugin OnlineSubsystemNull
LogPluginManager: Mounting plugin OnlineSubsystemUtils
LogPluginManager: Mounting plugin LauncherChunkInstaller
LogPluginManager: Mounting plugin AndroidDeviceProfileSelector
LogPluginManager: Mounting plugin AndroidMoviePlayer
LogPluginManager: Mounting plugin AndroidPermission
LogPluginManager: Mounting plugin AppleMoviePlayer
LogPluginManager: Mounting plugin ArchVisCharacter
LogPluginManager: Mounting plugin AudioCapture
LogPluginManager: Mounting plugin CableComponent
LogPluginManager: Mounting plugin CustomMeshComponent
LogPluginManager: Mounting plugin EditableMesh
LogPluginManager: Mounting plugin ExampleDeviceProfileSelector
LogPluginManager: Mounting plugin Firebase
LogPluginManager: Mounting plugin GoogleCloudMessaging
LogPluginManager: Mounting plugin IOSDeviceProfileSelector
LogPluginManager: Mounting plugin LinuxDeviceProfileSelector
LogPluginManager: Mounting plugin LocationServicesBPLibrary
LogPluginManager: Mounting plugin MobilePatchingUtils
LogPluginManager: Mounting plugin OculusVR
LogPluginManager: Mounting plugin PhysXVehicles
LogPluginManager: Mounting plugin ProceduralMeshComponent
LogPluginManager: Mounting plugin RuntimePhysXCooking
LogPluginManager: Mounting plugin SignificanceManager
LogPluginManager: Mounting plugin SteamVR
LogPluginManager: Mounting plugin WebMMoviePlayer
LogPluginManager: Mounting plugin WindowsMoviePlayer
LogInit: Using libcurl 7.55.1-DEV
LogInit:  - built for x86_64-pc-win32
LogInit:  - supports SSL with OpenSSL/1.1.1
LogInit:  - supports HTTP deflate (compression) using libz 1.2.8
LogInit:  - other features:
LogInit:      CURL_VERSION_SSL
LogInit:      CURL_VERSION_LIBZ
LogInit:      CURL_VERSION_IPV6
LogInit:      CURL_VERSION_ASYNCHDNS
LogInit:      CURL_VERSION_LARGEFILE
LogInit:      CURL_VERSION_IDN
LogInit:  CurlRequestOptions (configurable via config and command line):
LogInit:  - bVerifyPeer = true  - Libcurl will verify peer certificate
LogInit:  - bUseHttpProxy = true  - Libcurl will use HTTP proxy
LogInit:  - HttpProxyAddress = '127.0.0.1:7890'
LogInit:  - bDontReuseConnections = false  - Libcurl will reuse connections
LogInit:  - MaxHostConnections = 16  - Libcurl will limit the number of connections to a host
LogInit:  - LocalHostAddr = Default
LogInit:  - BufferSize = 65536
LogInit: WinSock: version 1.1 (2.2), MaxSocks=32767, MaxUdp=65467
LogInit: Build: ++UE4+Release-4.22-CL-7053642
LogInit: Engine Version: 4.22.3-7053642+++UE4+Release-4.22
LogInit: Compatible Engine Version: 4.22.0-5660361+++UE4+Release-4.22
LogInit: Net CL: 5660361
LogInit: OS: Windows 10 (Release 2009) (), CPU: 11th Gen Intel(R) Core(TM) i7-11800H @ 2.30GHz, GPU: Microsoft Remote Display Adapter
LogInit: Compiled (64-bit): Jun 18 2019 03:09:11
LogInit: Compiled with Visual C++: 19.16.27025.01
LogInit: Build Configuration: Development
LogInit: Branch Name: ++UE4+Release-4.22
LogInit: Command Line: 
LogInit: Base Directory: F:/UE_4.22/Engine/Binaries/Win64/
LogInit: Installed Engine Build: 1
LogDevObjectVersion: Number of dev versions registered: 23
LogDevObjectVersion:   Dev-Blueprints (B0D832E4-1F89-4F0D-ACCF-7EB736FD4AA2): 10
LogDevObjectVersion:   Dev-Build (E1C64328-A22C-4D53-A36C-8E866417BD8C): 0
LogDevObjectVersion:   Dev-Core (375EC13C-06E4-48FB-B500-84F0262A717E): 3
LogDevObjectVersion:   Dev-Editor (E4B068ED-F494-42E9-A231-DA0B2E46BB41): 30
LogDevObjectVersion:   Dev-Framework (CFFC743F-43B0-4480-9391-14DF171D2073): 35
LogDevObjectVersion:   Dev-Mobile (B02B49B5-BB20-44E9-A304-32B752E40360): 2
LogDevObjectVersion:   Dev-Networking (A4E4105C-59A1-49B5-A7C5-40C4547EDFEE): 0
LogDevObjectVersion:   Dev-Online (39C831C9-5AE6-47DC-9A44-9C173E1C8E7C): 0
LogDevObjectVersion:   Dev-Physics (78F01B33-EBEA-4F98-B9B4-84EACCB95AA2): 0
LogDevObjectVersion:   Dev-Platform (6631380F-2D4D-43E0-8009-CF276956A95A): 0
LogDevObjectVersion:   Dev-Rendering (12F88B9F-8875-4AFC-A67C-D90C383ABD29): 28
LogDevObjectVersion:   Dev-Sequencer (7B5AE74C-D270-4C10-A958-57980B212A5A): 11
LogDevObjectVersion:   Dev-VR (D7296918-1DD6-4BDD-9DE2-64A83CC13884): 2
LogDevObjectVersion:   Dev-LoadTimes (C2A15278-BFE7-4AFE-6C17-90FF531DF755): 1
LogDevObjectVersion:   Private-Geometry (6EACA3D4-40EC-4CC1-B786-8BED09428FC5): 3
LogDevObjectVersion:   Dev-AnimPhys (29E575DD-E0A3-4627-9D10-D276232CDCEA): 17
LogDevObjectVersion:   Dev-Anim (AF43A65D-7FD3-4947-9873-3E8ED9C1BB05): 2
LogDevObjectVersion:   Dev-ReflectionCapture (6B266CEC-1EC7-4B8F-A30B-E4D90942FC07): 1
LogDevObjectVersion:   Dev-Automation (0DF73D61-A23F-47EA-B727-89E90C41499A): 1
LogDevObjectVersion:   FortniteMain (601D1886-AC64-4F84-AA16-D3DE0DEAC7D6): 25
LogDevObjectVersion:   Dev-Enterprise (9DFFBCD6-494F-0158-E221-12823C92A888): 6
LogDevObjectVersion:   Dev-Niagara (F2AED0AC-9AFE-416F-8664-AA7FFA26D6FC): 1
LogDevObjectVersion:   Dev-Destruction (174F1F0B-B4C6-45A5-B13F-2EE8D0FB917D): 2
LogInit: Presizing for max 16777216 objects, including 0 objects not considered by GC, pre-allocating 0 bytes for permanent pool.
LogInit: Object subsystem initialized
LogConfig: Setting CVar [[con.DebugEarlyDefault:1]]
LogConfig: Setting CVar [[r.setres:1280x720]]
[2023.07.11-06.20.32:194][  0]LogConfig: Setting CVar [[r.VSync:0]]
[2023.07.11-06.20.32:194][  0]LogConfig: Setting CVar [[r.RHICmdBypass:0]]
[2023.07.11-06.20.32:194][  0]LogConfig: Applying CVar settings from Section [/Script/Engine.RendererSettings] File [C:/Users/15156/Documents/Unreal Projects/我的项目/Saved/Config/Windows/Engine.ini]
[2023.07.11-06.20.32:194][  0]LogConfig: Setting CVar [[r.GPUCrashDebugging:0]]
[2023.07.11-06.20.32:194][  0]LogConfig: Setting CVar [[r.DefaultFeature.AutoExposure.ExtendDefaultLuminanceRange:1]]
[2023.07.11-06.20.32:194][  0]LogConfig: Applying CVar settings from Section [/Script/Engine.RendererOverrideSettings] File [C:/Users/15156/Documents/Unreal Projects/我的项目/Saved/Config/Windows/Engine.ini]
[2023.07.11-06.20.32:194][  0]LogConfig: Applying CVar settings from Section [/Script/Engine.StreamingSettings] File [C:/Users/15156/Documents/Unreal Projects/我的项目/Saved/Config/Windows/Engine.ini]
[2023.07.11-06.20.32:194][  0]LogConfig: Setting CVar [[s.MinBulkDataSizeForAsyncLoading:131072]]
[2023.07.11-06.20.32:194][  0]LogConfig: Setting CVar [[s.AsyncLoadingThreadEnabled:0]]
[2023.07.11-06.20.32:195][  0]LogConfig: Setting CVar [[s.EventDrivenLoaderEnabled:1]]
[2023.07.11-06.20.32:195][  0]LogConfig: Setting CVar [[s.WarnIfTimeLimitExceeded:0]]
[2023.07.11-06.20.32:195][  0]LogConfig: Setting CVar [[s.TimeLimitExceededMultiplier:1.5]]
[2023.07.11-06.20.32:195][  0]LogConfig: Setting CVar [[s.TimeLimitExceededMinTime:0.005]]
[2023.07.11-06.20.32:195][  0]LogConfig: Setting CVar [[s.UseBackgroundLevelStreaming:1]]
[2023.07.11-06.20.32:195][  0]LogConfig: Setting CVar [[s.PriorityAsyncLoadingExtraTime:15.0]]
[2023.07.11-06.20.32:195][  0]LogConfig: Setting CVar [[s.LevelStreamingActorsUpdateTimeLimit:5.0]]
[2023.07.11-06.20.32:195][  0]LogConfig: Setting CVar [[s.PriorityLevelStreamingActorsUpdateExtraTime:5.0]]
[2023.07.11-06.20.32:195][  0]LogConfig: Setting CVar [[s.LevelStreamingComponentsRegistrationGranularity:10]]
[2023.07.11-06.20.32:195][  0]LogConfig: Setting CVar [[s.UnregisterComponentsTimeLimit:1.0]]
[2023.07.11-06.20.32:195][  0]LogConfig: Setting CVar [[s.LevelStreamingComponentsUnregistrationGranularity:5]]
[2023.07.11-06.20.32:195][  0]LogConfig: Applying CVar settings from Section [/Script/Engine.GarbageCollectionSettings] File [C:/Users/15156/Documents/Unreal Projects/我的项目/Saved/Config/Windows/Engine.ini]
[2023.07.11-06.20.32:195][  0]LogConfig: Setting CVar [[gc.MaxObjectsNotConsideredByGC:1]]
[2023.07.11-06.20.32:195][  0]LogConfig: Setting CVar [[gc.SizeOfPermanentObjectPool:0]]
[2023.07.11-06.20.32:195][  0]LogConfig: Setting CVar [[gc.FlushStreamingOnGC:0]]
[2023.07.11-06.20.32:195][  0]LogConfig: Setting CVar [[gc.NumRetriesBeforeForcingGC:10]]
[2023.07.11-06.20.32:195][  0]LogConfig: Setting CVar [[gc.AllowParallelGC:1]]
[2023.07.11-06.20.32:195][  0]LogConfig: Setting CVar [[gc.TimeBetweenPurgingPendingKillObjects:61.1]]
[2023.07.11-06.20.32:195][  0]LogConfig: Setting CVar [[gc.MaxObjectsInEditor:16777216]]
[2023.07.11-06.20.32:195][  0]LogConfig: Setting CVar [[gc.IncrementalBeginDestroyEnabled:1]]
[2023.07.11-06.20.32:195][  0]LogConfig: Setting CVar [[gc.CreateGCClusters:1]]
[2023.07.11-06.20.32:195][  0]LogConfig: Setting CVar [[gc.MinGCClusterSize:5]]
[2023.07.11-06.20.32:195][  0]LogConfig: Setting CVar [[gc.ActorClusteringEnabled:0]]
[2023.07.11-06.20.32:195][  0]LogConfig: Setting CVar [[gc.BlueprintClusteringEnabled:0]]
[2023.07.11-06.20.32:195][  0]LogConfig: Setting CVar [[gc.UseDisregardForGCOnDedicatedServers:0]]
[2023.07.11-06.20.32:195][  0]LogConfig: Applying CVar settings from Section [/Script/Engine.NetworkSettings] File [C:/Users/15156/Documents/Unreal Projects/我的项目/Saved/Config/Windows/Engine.ini]
[2023.07.11-06.20.32:195][  0]LogConfig: Applying CVar settings from Section [/Script/UnrealEd.CookerSettings] File [C:/Users/15156/Documents/Unreal Projects/我的项目/Saved/Config/Windows/Engine.ini]
[2023.07.11-06.20.32:325][  0]LogConfig: Applying CVar settings from Section [ViewDistanceQuality@3] File [C:/Users/15156/Documents/Unreal Projects/我的项目/Saved/Config/Windows/Scalability.ini]
[2023.07.11-06.20.32:325][  0]LogConfig: Setting CVar [[r.SkeletalMeshLODBias:0]]
[2023.07.11-06.20.32:325][  0]LogConfig: Setting CVar [[r.ViewDistanceScale:1.0]]
[2023.07.11-06.20.32:325][  0]LogConfig: Applying CVar settings from Section [AntiAliasingQuality@3] File [C:/Users/15156/Documents/Unreal Projects/我的项目/Saved/Config/Windows/Scalability.ini]
[2023.07.11-06.20.32:325][  0]LogConfig: Setting CVar [[r.PostProcessAAQuality:4]]
[2023.07.11-06.20.32:325][  0]LogConfig: Applying CVar settings from Section [ShadowQuality@3] File [C:/Users/15156/Documents/Unreal Projects/我的项目/Saved/Config/Windows/Scalability.ini]
[2023.07.11-06.20.32:325][  0]LogConfig: Setting CVar [[r.LightFunctionQuality:1]]
[2023.07.11-06.20.32:325][  0]LogConfig: Setting CVar [[r.ShadowQuality:5]]
[2023.07.11-06.20.32:325][  0]LogConfig: Setting CVar [[r.Shadow.CSM.MaxCascades:10]]
[2023.07.11-06.20.32:325][  0]LogConfig: Setting CVar [[r.Shadow.MaxResolution:2048]]
[2023.07.11-06.20.32:325][  0]LogConfig: Setting CVar [[r.Shadow.MaxCSMResolution:2048]]
[2023.07.11-06.20.32:326][  0]LogConfig: Setting CVar [[r.Shadow.RadiusThreshold:0.01]]
[2023.07.11-06.20.32:326][  0]LogConfig: Setting CVar [[r.Shadow.DistanceScale:1.0]]
[2023.07.11-06.20.32:326][  0]LogConfig: Setting CVar [[r.Shadow.CSM.TransitionScale:1.0]]
[2023.07.11-06.20.32:326][  0]LogConfig: Setting CVar [[r.Shadow.PreShadowResolutionFactor:1.0]]
[2023.07.11-06.20.32:326][  0]LogConfig: Setting CVar [[r.DistanceFieldShadowing:1]]
[2023.07.11-06.20.32:326][  0]LogConfig: Setting CVar [[r.DistanceFieldAO:1]]
[2023.07.11-06.20.32:326][  0]LogConfig: Setting CVar [[r.AOQuality:2]]
[2023.07.11-06.20.32:326][  0]LogConfig: Setting CVar [[r.VolumetricFog:1]]
[2023.07.11-06.20.32:326][  0]LogConfig: Setting CVar [[r.VolumetricFog.GridPixelSize:8]]
[2023.07.11-06.20.32:326][  0]LogConfig: Setting CVar [[r.VolumetricFog.GridSizeZ:128]]
[2023.07.11-06.20.32:326][  0]LogConfig: Setting CVar [[r.VolumetricFog.HistoryMissSupersampleCount:4]]
[2023.07.11-06.20.32:326][  0]LogConfig: Setting CVar [[r.LightMaxDrawDistanceScale:1]]
[2023.07.11-06.20.32:326][  0]LogConfig: Setting CVar [[r.CapsuleShadows:1]]
[2023.07.11-06.20.32:326][  0]LogConfig: Applying CVar settings from Section [PostProcessQuality@3] File [C:/Users/15156/Documents/Unreal Projects/我的项目/Saved/Config/Windows/Scalability.ini]
[2023.07.11-06.20.32:326][  0]LogConfig: Setting CVar [[r.MotionBlurQuality:4]]
[2023.07.11-06.20.32:326][  0]LogConfig: Setting CVar [[r.AmbientOcclusionMipLevelFactor:0.4]]
[2023.07.11-06.20.32:326][  0]LogConfig: Setting CVar [[r.AmbientOcclusionMaxQuality:100]]
[2023.07.11-06.20.32:326][  0]LogConfig: Setting CVar [[r.AmbientOcclusionLevels:-1]]
[2023.07.11-06.20.32:326][  0]LogConfig: Setting CVar [[r.AmbientOcclusionRadiusScale:1.0]]
[2023.07.11-06.20.32:326][  0]LogConfig: Setting CVar [[r.DepthOfFieldQuality:2]]
[2023.07.11-06.20.32:326][  0]LogConfig: Setting CVar [[r.RenderTargetPoolMin:400]]
[2023.07.11-06.20.32:326][  0]LogConfig: Setting CVar [[r.LensFlareQuality:2]]
[2023.07.11-06.20.32:326][  0]LogConfig: Setting CVar [[r.SceneColorFringeQuality:1]]
[2023.07.11-06.20.32:326][  0]LogConfig: Setting CVar [[r.EyeAdaptationQuality:2]]
[2023.07.11-06.20.32:326][  0]LogConfig: Setting CVar [[r.BloomQuality:5]]
[2023.07.11-06.20.32:326][  0]LogConfig: Setting CVar [[r.FastBlurThreshold:100]]
[2023.07.11-06.20.32:326][  0]LogConfig: Setting CVar [[r.Upscale.Quality:3]]
[2023.07.11-06.20.32:326][  0]LogConfig: Setting CVar [[r.Tonemapper.GrainQuantization:1]]
[2023.07.11-06.20.32:326][  0]LogConfig: Setting CVar [[r.LightShaftQuality:1]]
[2023.07.11-06.20.32:326][  0]LogConfig: Setting CVar [[r.Filter.SizeScale:1]]
[2023.07.11-06.20.32:326][  0]LogConfig: Setting CVar [[r.Tonemapper.Quality:5]]
[2023.07.11-06.20.32:326][  0]LogConfig: Setting CVar [[r.DOF.Gather.AccumulatorQuality:1        ; higher gathering accumulator quality]]
[2023.07.11-06.20.32:326][  0]LogConfig: Setting CVar [[r.DOF.Gather.PostfilterMethod:1          ; Median3x3 postfilering method]]
[2023.07.11-06.20.32:326][  0]LogConfig: Setting CVar [[r.DOF.Gather.EnableBokehSettings:0       ; no bokeh simulation when gathering]]
[2023.07.11-06.20.32:326][  0]LogConfig: Setting CVar [[r.DOF.Gather.RingCount:4                 ; medium number of samples when gathering]]
[2023.07.11-06.20.32:326][  0]LogConfig: Setting CVar [[r.DOF.Scatter.ForegroundCompositing:1    ; additive foreground scattering]]
[2023.07.11-06.20.32:326][  0]LogConfig: Setting CVar [[r.DOF.Scatter.BackgroundCompositing:2    ; additive background scattering]]
[2023.07.11-06.20.32:326][  0]LogConfig: Setting CVar [[r.DOF.Scatter.EnableBokehSettings:1      ; bokeh simulation when scattering]]
[2023.07.11-06.20.32:326][  0]LogConfig: Setting CVar [[r.DOF.Scatter.MaxSpriteRatio:0.1         ; only a maximum of 10% of scattered bokeh]]
[2023.07.11-06.20.32:326][  0]LogConfig: Setting CVar [[r.DOF.Recombine.Quality:1                ; cheap slight out of focus]]
[2023.07.11-06.20.32:326][  0]LogConfig: Setting CVar [[r.DOF.Recombine.EnableBokehSettings:0    ; no bokeh simulation on slight out of focus]]
[2023.07.11-06.20.32:326][  0]LogConfig: Setting CVar [[r.DOF.TemporalAAQuality:1                ; more stable temporal accumulation]]
[2023.07.11-06.20.32:326][  0]LogConfig: Setting CVar [[r.DOF.Kernel.MaxForegroundRadius:0.025]]
[2023.07.11-06.20.32:326][  0]LogConfig: Setting CVar [[r.DOF.Kernel.MaxBackgroundRadius:0.025]]
[2023.07.11-06.20.32:326][  0]LogConfig: Applying CVar settings from Section [TextureQuality@3] File [C:/Users/15156/Documents/Unreal Projects/我的项目/Saved/Config/Windows/Scalability.ini]
[2023.07.11-06.20.32:326][  0]LogConfig: Setting CVar [[r.Streaming.MipBias:0]]
[2023.07.11-06.20.32:326][  0]LogConfig: Setting CVar [[r.Streaming.AmortizeCPUToGPUCopy:0]]
[2023.07.11-06.20.32:326][  0]LogConfig: Setting CVar [[r.Streaming.MaxNumTexturesToStreamPerFrame:0]]
[2023.07.11-06.20.32:326][  0]LogConfig: Setting CVar [[r.Streaming.Boost:1]]
[2023.07.11-06.20.32:326][  0]LogConfig: Setting CVar [[r.MaxAnisotropy:8]]
[2023.07.11-06.20.32:326][  0]LogConfig: Setting CVar [[r.Streaming.LimitPoolSizeToVRAM:0]]
[2023.07.11-06.20.32:326][  0]LogConfig: Setting CVar [[r.Streaming.PoolSize:1000]]
[2023.07.11-06.20.32:326][  0]LogConfig: Setting CVar [[r.Streaming.MaxEffectiveScreenSize:0]]
[2023.07.11-06.20.32:326][  0]LogConfig: Applying CVar settings from Section [EffectsQuality@3] File [C:/Users/15156/Documents/Unreal Projects/我的项目/Saved/Config/Windows/Scalability.ini]
[2023.07.11-06.20.32:326][  0]LogConfig: Setting CVar [[r.TranslucencyLightingVolumeDim:64]]
[2023.07.11-06.20.32:326][  0]LogConfig: Setting CVar [[r.RefractionQuality:2]]
[2023.07.11-06.20.32:326][  0]LogConfig: Setting CVar [[r.SSR.Quality:3]]
[2023.07.11-06.20.32:326][  0]LogConfig: Setting CVar [[r.SceneColorFormat:4]]
[2023.07.11-06.20.32:327][  0]LogConfig: Setting CVar [[r.DetailMode:2]]
[2023.07.11-06.20.32:327][  0]LogConfig: Setting CVar [[r.TranslucencyVolumeBlur:1]]
[2023.07.11-06.20.32:327][  0]LogConfig: Setting CVar [[r.MaterialQualityLevel:1 ; High quality]]
[2023.07.11-06.20.32:327][  0]LogConfig: Setting CVar [[r.SSS.Scale:1]]
[2023.07.11-06.20.32:327][  0]LogConfig: Setting CVar [[r.SSS.SampleSet:2]]
[2023.07.11-06.20.32:327][  0]LogConfig: Setting CVar [[r.SSS.Quality:1]]
[2023.07.11-06.20.32:327][  0]LogConfig: Setting CVar [[r.SSS.HalfRes:1]]
[2023.07.11-06.20.32:327][  0]LogConfig: Setting CVar [[r.EmitterSpawnRateScale:1.0]]
[2023.07.11-06.20.32:327][  0]LogConfig: Setting CVar [[r.ParticleLightQuality:2]]
[2023.07.11-06.20.32:327][  0]LogConfig: Applying CVar settings from Section [FoliageQuality@3] File [C:/Users/15156/Documents/Unreal Projects/我的项目/Saved/Config/Windows/Scalability.ini]
[2023.07.11-06.20.32:327][  0]LogConfig: Setting CVar [[foliage.DensityScale:1.0]]
[2023.07.11-06.20.32:327][  0]LogConfig: Setting CVar [[grass.DensityScale:1.0]]
[2023.07.11-06.20.32:327][  0]LogInit: Selected Device Profile: [Windows]
[2023.07.11-06.20.32:327][  0]LogInit: Applying CVar settings loaded from the selected device profile: [Windows]
[2023.07.11-06.20.32:335][  0]LogHAL: Display: Platform has ~ 32 GB [34090029056 / 34359738368 / 32], which maps to Largest [LargestMinGB=32, LargerMinGB=12, DefaultMinGB=8, SmallerMinGB=6, SmallestMinGB=0)
[2023.07.11-06.20.32:335][  0]LogConfig: Setting CVar [[r.Vulkan.UseRealUBs:0		; Required until we fix HLR fall-out]]
[2023.07.11-06.20.32:335][  0]LogInit: Going up to parent DeviceProfile []
[2023.07.11-06.20.32:335][  0]LogConfig: Applying CVar settings from Section [ViewDistanceQuality@3] File [C:/Users/15156/Documents/Unreal Projects/我的项目/Saved/Config/Windows/Scalability.ini]
[2023.07.11-06.20.32:335][  0]LogConfig: Setting CVar [[r.SkeletalMeshLODBias:0]]
[2023.07.11-06.20.32:335][  0]LogConfig: Setting CVar [[r.ViewDistanceScale:1.0]]
[2023.07.11-06.20.32:335][  0]LogConfig: Applying CVar settings from Section [AntiAliasingQuality@3] File [C:/Users/15156/Documents/Unreal Projects/我的项目/Saved/Config/Windows/Scalability.ini]
[2023.07.11-06.20.32:335][  0]LogConfig: Setting CVar [[r.PostProcessAAQuality:4]]
[2023.07.11-06.20.32:335][  0]LogConfig: Applying CVar settings from Section [ShadowQuality@3] File [C:/Users/15156/Documents/Unreal Projects/我的项目/Saved/Config/Windows/Scalability.ini]
[2023.07.11-06.20.32:335][  0]LogConfig: Setting CVar [[r.LightFunctionQuality:1]]
[2023.07.11-06.20.32:335][  0]LogConfig: Setting CVar [[r.ShadowQuality:5]]
[2023.07.11-06.20.32:335][  0]LogConfig: Setting CVar [[r.Shadow.CSM.MaxCascades:10]]
[2023.07.11-06.20.32:335][  0]LogConfig: Setting CVar [[r.Shadow.MaxResolution:2048]]
[2023.07.11-06.20.32:335][  0]LogConfig: Setting CVar [[r.Shadow.MaxCSMResolution:2048]]
[2023.07.11-06.20.32:335][  0]LogConfig: Setting CVar [[r.Shadow.RadiusThreshold:0.01]]
[2023.07.11-06.20.32:335][  0]LogConfig: Setting CVar [[r.Shadow.DistanceScale:1.0]]
[2023.07.11-06.20.32:335][  0]LogConfig: Setting CVar [[r.Shadow.CSM.TransitionScale:1.0]]
[2023.07.11-06.20.32:335][  0]LogConfig: Setting CVar [[r.Shadow.PreShadowResolutionFactor:1.0]]
[2023.07.11-06.20.32:335][  0]LogConfig: Setting CVar [[r.DistanceFieldShadowing:1]]
[2023.07.11-06.20.32:335][  0]LogConfig: Setting CVar [[r.DistanceFieldAO:1]]
[2023.07.11-06.20.32:335][  0]LogConfig: Setting CVar [[r.AOQuality:2]]
[2023.07.11-06.20.32:335][  0]LogConfig: Setting CVar [[r.VolumetricFog:1]]
[2023.07.11-06.20.32:335][  0]LogConfig: Setting CVar [[r.VolumetricFog.GridPixelSize:8]]
[2023.07.11-06.20.32:335][  0]LogConfig: Setting CVar [[r.VolumetricFog.GridSizeZ:128]]
[2023.07.11-06.20.32:335][  0]LogConfig: Setting CVar [[r.VolumetricFog.HistoryMissSupersampleCount:4]]
[2023.07.11-06.20.32:335][  0]LogConfig: Setting CVar [[r.LightMaxDrawDistanceScale:1]]
[2023.07.11-06.20.32:335][  0]LogConfig: Setting CVar [[r.CapsuleShadows:1]]
[2023.07.11-06.20.32:335][  0]LogConfig: Applying CVar settings from Section [PostProcessQuality@3] File [C:/Users/15156/Documents/Unreal Projects/我的项目/Saved/Config/Windows/Scalability.ini]
[2023.07.11-06.20.32:335][  0]LogConfig: Setting CVar [[r.MotionBlurQuality:4]]
[2023.07.11-06.20.32:335][  0]LogConfig: Setting CVar [[r.AmbientOcclusionMipLevelFactor:0.4]]
[2023.07.11-06.20.32:335][  0]LogConfig: Setting CVar [[r.AmbientOcclusionMaxQuality:100]]
[2023.07.11-06.20.32:335][  0]LogConfig: Setting CVar [[r.AmbientOcclusionLevels:-1]]
[2023.07.11-06.20.32:335][  0]LogConfig: Setting CVar [[r.AmbientOcclusionRadiusScale:1.0]]
[2023.07.11-06.20.32:335][  0]LogConfig: Setting CVar [[r.DepthOfFieldQuality:2]]
[2023.07.11-06.20.32:335][  0]LogConfig: Setting CVar [[r.RenderTargetPoolMin:400]]
[2023.07.11-06.20.32:335][  0]LogConfig: Setting CVar [[r.LensFlareQuality:2]]
[2023.07.11-06.20.32:335][  0]LogConfig: Setting CVar [[r.SceneColorFringeQuality:1]]
[2023.07.11-06.20.32:335][  0]LogConfig: Setting CVar [[r.EyeAdaptationQuality:2]]
[2023.07.11-06.20.32:335][  0]LogConfig: Setting CVar [[r.BloomQuality:5]]
[2023.07.11-06.20.32:335][  0]LogConfig: Setting CVar [[r.FastBlurThreshold:100]]
[2023.07.11-06.20.32:335][  0]LogConfig: Setting CVar [[r.Upscale.Quality:3]]
[2023.07.11-06.20.32:335][  0]LogConfig: Setting CVar [[r.Tonemapper.GrainQuantization:1]]
[2023.07.11-06.20.32:335][  0]LogConfig: Setting CVar [[r.LightShaftQuality:1]]
[2023.07.11-06.20.32:335][  0]LogConfig: Setting CVar [[r.Filter.SizeScale:1]]
[2023.07.11-06.20.32:335][  0]LogConfig: Setting CVar [[r.Tonemapper.Quality:5]]
[2023.07.11-06.20.32:335][  0]LogConfig: Setting CVar [[r.DOF.Gather.AccumulatorQuality:1        ; higher gathering accumulator quality]]
[2023.07.11-06.20.32:335][  0]LogConfig: Setting CVar [[r.DOF.Gather.PostfilterMethod:1          ; Median3x3 postfilering method]]
[2023.07.11-06.20.32:335][  0]LogConfig: Setting CVar [[r.DOF.Gather.EnableBokehSettings:0       ; no bokeh simulation when gathering]]
[2023.07.11-06.20.32:335][  0]LogConfig: Setting CVar [[r.DOF.Gather.RingCount:4                 ; medium number of samples when gathering]]
[2023.07.11-06.20.32:335][  0]LogConfig: Setting CVar [[r.DOF.Scatter.ForegroundCompositing:1    ; additive foreground scattering]]
[2023.07.11-06.20.32:335][  0]LogConfig: Setting CVar [[r.DOF.Scatter.BackgroundCompositing:2    ; additive background scattering]]
[2023.07.11-06.20.32:335][  0]LogConfig: Setting CVar [[r.DOF.Scatter.EnableBokehSettings:1      ; bokeh simulation when scattering]]
[2023.07.11-06.20.32:335][  0]LogConfig: Setting CVar [[r.DOF.Scatter.MaxSpriteRatio:0.1         ; only a maximum of 10% of scattered bokeh]]
[2023.07.11-06.20.32:335][  0]LogConfig: Setting CVar [[r.DOF.Recombine.Quality:1                ; cheap slight out of focus]]
[2023.07.11-06.20.32:335][  0]LogConfig: Setting CVar [[r.DOF.Recombine.EnableBokehSettings:0    ; no bokeh simulation on slight out of focus]]
[2023.07.11-06.20.32:335][  0]LogConfig: Setting CVar [[r.DOF.TemporalAAQuality:1                ; more stable temporal accumulation]]
[2023.07.11-06.20.32:335][  0]LogConfig: Setting CVar [[r.DOF.Kernel.MaxForegroundRadius:0.025]]
[2023.07.11-06.20.32:335][  0]LogConfig: Setting CVar [[r.DOF.Kernel.MaxBackgroundRadius:0.025]]
[2023.07.11-06.20.32:335][  0]LogConfig: Applying CVar settings from Section [TextureQuality@3] File [C:/Users/15156/Documents/Unreal Projects/我的项目/Saved/Config/Windows/Scalability.ini]
[2023.07.11-06.20.32:335][  0]LogConfig: Setting CVar [[r.Streaming.MipBias:0]]
[2023.07.11-06.20.32:335][  0]LogConfig: Setting CVar [[r.Streaming.AmortizeCPUToGPUCopy:0]]
[2023.07.11-06.20.32:335][  0]LogConfig: Setting CVar [[r.Streaming.MaxNumTexturesToStreamPerFrame:0]]
[2023.07.11-06.20.32:335][  0]LogConfig: Setting CVar [[r.Streaming.Boost:1]]
[2023.07.11-06.20.32:335][  0]LogConfig: Setting CVar [[r.MaxAnisotropy:8]]
[2023.07.11-06.20.32:335][  0]LogConfig: Setting CVar [[r.Streaming.LimitPoolSizeToVRAM:0]]
[2023.07.11-06.20.32:335][  0]LogConfig: Setting CVar [[r.Streaming.PoolSize:1000]]
[2023.07.11-06.20.32:335][  0]LogConfig: Setting CVar [[r.Streaming.MaxEffectiveScreenSize:0]]
[2023.07.11-06.20.32:335][  0]LogConfig: Applying CVar settings from Section [EffectsQuality@3] File [C:/Users/15156/Documents/Unreal Projects/我的项目/Saved/Config/Windows/Scalability.ini]
[2023.07.11-06.20.32:335][  0]LogConfig: Setting CVar [[r.TranslucencyLightingVolumeDim:64]]
[2023.07.11-06.20.32:335][  0]LogConfig: Setting CVar [[r.RefractionQuality:2]]
[2023.07.11-06.20.32:335][  0]LogConfig: Setting CVar [[r.SSR.Quality:3]]
[2023.07.11-06.20.32:335][  0]LogConfig: Setting CVar [[r.SceneColorFormat:4]]
[2023.07.11-06.20.32:335][  0]LogConfig: Setting CVar [[r.DetailMode:2]]
[2023.07.11-06.20.32:335][  0]LogConfig: Setting CVar [[r.TranslucencyVolumeBlur:1]]
[2023.07.11-06.20.32:335][  0]LogConfig: Setting CVar [[r.MaterialQualityLevel:1 ; High quality]]
[2023.07.11-06.20.32:335][  0]LogConfig: Setting CVar [[r.SSS.Scale:1]]
[2023.07.11-06.20.32:335][  0]LogConfig: Setting CVar [[r.SSS.SampleSet:2]]
[2023.07.11-06.20.32:335][  0]LogConfig: Setting CVar [[r.SSS.Quality:1]]
[2023.07.11-06.20.32:335][  0]LogConfig: Setting CVar [[r.SSS.HalfRes:1]]
[2023.07.11-06.20.32:335][  0]LogConfig: Setting CVar [[r.EmitterSpawnRateScale:1.0]]
[2023.07.11-06.20.32:335][  0]LogConfig: Setting CVar [[r.ParticleLightQuality:2]]
[2023.07.11-06.20.32:335][  0]LogConfig: Applying CVar settings from Section [FoliageQuality@3] File [C:/Users/15156/Documents/Unreal Projects/我的项目/Saved/Config/Windows/Scalability.ini]
[2023.07.11-06.20.32:335][  0]LogConfig: Setting CVar [[foliage.DensityScale:1.0]]
[2023.07.11-06.20.32:335][  0]LogConfig: Setting CVar [[grass.DensityScale:1.0]]
[2023.07.11-06.20.32:336][  0]LogConfig: Applying CVar settings from Section [Startup] File [../../../Engine/Config/ConsoleVariables.ini]
[2023.07.11-06.20.32:336][  0]LogConfig: Setting CVar [[net.UseAdaptiveNetUpdateFrequency:0]]
[2023.07.11-06.20.32:336][  0]LogConfig: Setting CVar [[p.chaos.AllowCreatePhysxBodies:1]]
[2023.07.11-06.20.32:336][  0]LogConfig: Applying CVar settings from Section [ConsoleVariables] File [C:/Users/15156/Documents/Unreal Projects/我的项目/Saved/Config/Windows/Engine.ini]
[2023.07.11-06.20.32:336][  0]LogInit: Computer: ALKDISG15
[2023.07.11-06.20.32:336][  0]LogInit: User: 15156
[2023.07.11-06.20.32:336][  0]LogInit: CPU Page size=4096, Cores=8
[2023.07.11-06.20.32:336][  0]LogInit: High frequency timer resolution =10.000000 MHz
[2023.07.11-06.20.32:336][  0]LogMemory: Memory total: Physical=31.7GB (32GB approx)
[2023.07.11-06.20.32:336][  0]LogMemory: Platform Memory Stats for Windows
[2023.07.11-06.20.32:336][  0]LogMemory: Process Physical Memory: 99.59 MB used, 99.59 MB peak
[2023.07.11-06.20.32:336][  0]LogMemory: Process Virtual Memory: 90.80 MB used, 90.80 MB peak
[2023.07.11-06.20.32:336][  0]LogMemory: Physical Memory: 13550.36 MB used,  18960.43 MB free, 32510.79 MB total
[2023.07.11-06.20.32:337][  0]LogMemory: Virtual Memory: 4684.38 MB used,  134213040.00 MB free, 134217728.00 MB total
[2023.07.11-06.20.32:513][  0]LogInit: Using OS detected language (zh-CN).
[2023.07.11-06.20.32:513][  0]LogInit: Using OS detected locale (zh-CN).
[2023.07.11-06.20.32:513][  0]LogTextLocalizationResource: LocRes '../../../Engine/Content/Localization/Editor/zh-Hans-CN/Editor.locres' could not be opened for reading!
[2023.07.11-06.20.32:513][  0]LogTextLocalizationResource: LocRes '../../../Engine/Content/Localization/EditorTutorials/zh-Hans-CN/EditorTutorials.locres' could not be opened for reading!
[2023.07.11-06.20.32:513][  0]LogTextLocalizationResource: LocRes '../../../Engine/Content/Localization/Keywords/zh-Hans-CN/Keywords.locres' could not be opened for reading!
[2023.07.11-06.20.32:513][  0]LogTextLocalizationResource: LocRes '../../../Engine/Content/Localization/Category/zh-Hans-CN/Category.locres' could not be opened for reading!
[2023.07.11-06.20.32:513][  0]LogTextLocalizationResource: LocRes '../../../Engine/Content/Localization/ToolTips/zh-Hans-CN/ToolTips.locres' could not be opened for reading!
[2023.07.11-06.20.32:513][  0]LogTextLocalizationResource: LocRes '../../../Engine/Content/Localization/PropertyNames/zh-Hans-CN/PropertyNames.locres' could not be opened for reading!
[2023.07.11-06.20.32:513][  0]LogTextLocalizationResource: LocRes '../../../Engine/Content/Localization/Engine/zh-Hans-CN/Engine.locres' could not be opened for reading!
[2023.07.11-06.20.32:513][  0]LogTextLocalizationResource: LocRes '../../../Engine/Plugins/Online/Android/OnlineSubsystemGooglePlay/Content/Localization/OnlineSubsystemGooglePlay/zh-Hans-CN/OnlineSubsystemGooglePlay.locres' could not be opened for reading!
[2023.07.11-06.20.32:513][  0]LogTextLocalizationResource: LocRes '../../../Engine/Plugins/Online/IOS/OnlineSubsystemIOS/Content/Localization/OnlineSubsystemIOS/zh-Hans-CN/OnlineSubsystemIOS.locres' could not be opened for reading!
[2023.07.11-06.20.32:513][  0]LogTextLocalizationResource: LocRes '../../../Engine/Plugins/Online/OnlineSubsystem/Content/Localization/OnlineSubsystem/zh-Hans-CN/OnlineSubsystem.locres' could not be opened for reading!
[2023.07.11-06.20.32:513][  0]LogTextLocalizationResource: LocRes '../../../Engine/Plugins/Online/OnlineSubsystemUtils/Content/Localization/OnlineSubsystemUtils/zh-Hans-CN/OnlineSubsystemUtils.locres' could not be opened for reading!
[2023.07.11-06.20.32:545][  0]LogTextLocalizationResource: LocRes '../../../Engine/Plugins/Online/Android/OnlineSubsystemGooglePlay/Content/Localization/OnlineSubsystemGooglePlay/zh-CN/OnlineSubsystemGooglePlay.locres' could not be opened for reading!
[2023.07.11-06.20.32:545][  0]LogTextLocalizationResource: LocRes '../../../Engine/Plugins/Online/IOS/OnlineSubsystemIOS/Content/Localization/OnlineSubsystemIOS/zh-CN/OnlineSubsystemIOS.locres' could not be opened for reading!
[2023.07.11-06.20.32:545][  0]LogTextLocalizationResource: LocRes '../../../Engine/Plugins/Online/OnlineSubsystem/Content/Localization/OnlineSubsystem/zh-CN/OnlineSubsystem.locres' could not be opened for reading!
[2023.07.11-06.20.32:545][  0]LogTextLocalizationResource: LocRes '../../../Engine/Plugins/Online/OnlineSubsystemUtils/Content/Localization/OnlineSubsystemUtils/zh-CN/OnlineSubsystemUtils.locres' could not be opened for reading!
[2023.07.11-06.20.32:545][  0]LogTextLocalizationResource: LocRes '../../../Engine/Content/Localization/Editor/zh-Hans/Editor.locres' could not be opened for reading!
[2023.07.11-06.20.32:545][  0]LogTextLocalizationResource: LocRes '../../../Engine/Content/Localization/EditorTutorials/zh-Hans/EditorTutorials.locres' could not be opened for reading!
[2023.07.11-06.20.32:545][  0]LogTextLocalizationResource: LocRes '../../../Engine/Content/Localization/Keywords/zh-Hans/Keywords.locres' could not be opened for reading!
[2023.07.11-06.20.32:545][  0]LogTextLocalizationResource: LocRes '../../../Engine/Content/Localization/Category/zh-Hans/Category.locres' could not be opened for reading!
[2023.07.11-06.20.32:545][  0]LogTextLocalizationResource: LocRes '../../../Engine/Content/Localization/ToolTips/zh-Hans/ToolTips.locres' could not be opened for reading!
[2023.07.11-06.20.32:545][  0]LogTextLocalizationResource: LocRes '../../../Engine/Content/Localization/PropertyNames/zh-Hans/PropertyNames.locres' could not be opened for reading!
[2023.07.11-06.20.32:545][  0]LogTextLocalizationResource: LocRes '../../../Engine/Content/Localization/Engine/zh-Hans/Engine.locres' could not be opened for reading!
[2023.07.11-06.20.32:546][  0]LogTextLocalizationResource: LocRes '../../../Engine/Content/Localization/Editor/zh/Editor.locres' could not be opened for reading!
[2023.07.11-06.20.32:546][  0]LogTextLocalizationResource: LocRes '../../../Engine/Content/Localization/EditorTutorials/zh/EditorTutorials.locres' could not be opened for reading!
[2023.07.11-06.20.32:546][  0]LogTextLocalizationResource: LocRes '../../../Engine/Content/Localization/Keywords/zh/Keywords.locres' could not be opened for reading!
[2023.07.11-06.20.32:546][  0]LogTextLocalizationResource: LocRes '../../../Engine/Content/Localization/Category/zh/Category.locres' could not be opened for reading!
[2023.07.11-06.20.32:547][  0]LogTextLocalizationResource: LocRes '../../../Engine/Content/Localization/ToolTips/zh/ToolTips.locres' could not be opened for reading!
[2023.07.11-06.20.32:547][  0]LogTextLocalizationResource: LocRes '../../../Engine/Content/Localization/PropertyNames/zh/PropertyNames.locres' could not be opened for reading!
[2023.07.11-06.20.32:547][  0]LogTextLocalizationResource: LocRes '../../../Engine/Content/Localization/Engine/zh/Engine.locres' could not be opened for reading!
[2023.07.11-06.20.32:547][  0]LogTextLocalizationResource: LocRes '../../../Engine/Plugins/Online/Android/OnlineSubsystemGooglePlay/Content/Localization/OnlineSubsystemGooglePlay/zh/OnlineSubsystemGooglePlay.locres' could not be opened for reading!
[2023.07.11-06.20.32:547][  0]LogTextLocalizationResource: LocRes '../../../Engine/Plugins/Online/IOS/OnlineSubsystemIOS/Content/Localization/OnlineSubsystemIOS/zh/OnlineSubsystemIOS.locres' could not be opened for reading!
[2023.07.11-06.20.32:547][  0]LogTextLocalizationResource: LocRes '../../../Engine/Plugins/Online/OnlineSubsystem/Content/Localization/OnlineSubsystem/zh/OnlineSubsystem.locres' could not be opened for reading!
[2023.07.11-06.20.32:547][  0]LogTextLocalizationResource: LocRes '../../../Engine/Plugins/Online/OnlineSubsystemUtils/Content/Localization/OnlineSubsystemUtils/zh/OnlineSubsystemUtils.locres' could not be opened for reading!
[2023.07.11-06.20.32:600][  0]LogInit: Setting process to per monitor DPI aware
[2023.07.11-06.20.32:623][  0]LogSlate: New Slate User Created.  User Index 0, Is Virtual User: 0
[2023.07.11-06.20.32:623][  0]LogSlate: Slate User Registered.  User Index 0, Is Virtual User: 0
[2023.07.11-06.20.32:922][  0]LogHMD: Failed to initialize OpenVR with code 110
[2023.07.11-06.20.32:922][  0]LogD3D11RHI: D3D11 adapters:
[2023.07.11-06.20.33:134][  0]LogD3D11RHI:    0. 'NVIDIA GeForce RTX 3060 Laptop GPU' (Feature Level 11_0)
[2023.07.11-06.20.33:134][  0]LogD3D11RHI:       6009/0/16255 MB DedicatedVideo/DedicatedSystem/SharedSystem, Outputs:1, VendorId:0x10de
[2023.07.11-06.20.33:392][  0]LogD3D11RHI:    1. 'Intel(R) UHD Graphics' (Feature Level 11_0)
[2023.07.11-06.20.33:392][  0]LogD3D11RHI:       128/0/16255 MB DedicatedVideo/DedicatedSystem/SharedSystem, Outputs:0, VendorId:0x8086
[2023.07.11-06.20.33:509][  0]LogD3D11RHI:    2. 'Intel(R) UHD Graphics' (Feature Level 11_0)
[2023.07.11-06.20.33:509][  0]LogD3D11RHI:       128/0/16255 MB DedicatedVideo/DedicatedSystem/SharedSystem, Outputs:0, VendorId:0x8086
[2023.07.11-06.20.33:512][  0]LogD3D11RHI:    3. 'Microsoft Basic Render Driver' (Feature Level 11_0)
[2023.07.11-06.20.33:512][  0]LogD3D11RHI:       0/0/16255 MB DedicatedVideo/DedicatedSystem/SharedSystem, Outputs:0, VendorId:0x1414
[2023.07.11-06.20.33:512][  0]LogD3D11RHI: Chosen D3D11 Adapter: 0
[2023.07.11-06.20.33:647][  0]LogD3D11RHI: Creating new Direct3DDevice
[2023.07.11-06.20.33:647][  0]LogD3D11RHI:     GPU DeviceId: 0x2560 (for the marketing name, search the web for "GPU Device Id")
[2023.07.11-06.20.33:647][  0]LogWindows: EnumDisplayDevices:
[2023.07.11-06.20.33:648][  0]LogWindows:    0. 'Microsoft Remote Display Adapter' (P:1 D:1)
[2023.07.11-06.20.33:648][  0]LogWindows:    1. 'Microsoft Remote Display Adapter' (P:0 D:0)
[2023.07.11-06.20.33:648][  0]LogWindows:    2. 'Microsoft Remote Display Adapter' (P:0 D:0)
[2023.07.11-06.20.33:648][  0]LogWindows:    3. 'Microsoft Remote Display Adapter' (P:0 D:0)
[2023.07.11-06.20.33:648][  0]LogWindows:    4. 'Microsoft Remote Display Adapter' (P:0 D:0)
[2023.07.11-06.20.33:648][  0]LogWindows:    5. 'Microsoft Remote Display Adapter' (P:0 D:0)
[2023.07.11-06.20.33:648][  0]LogWindows:    6. 'Microsoft Remote Display Adapter' (P:0 D:0)
[2023.07.11-06.20.33:648][  0]LogWindows:    7. 'Microsoft Remote Display Adapter' (P:0 D:0)
[2023.07.11-06.20.33:649][  0]LogWindows:    8. 'Microsoft Remote Display Adapter' (P:0 D:0)
[2023.07.11-06.20.33:649][  0]LogWindows:    9. 'Microsoft Remote Display Adapter' (P:0 D:0)
[2023.07.11-06.20.33:649][  0]LogWindows:    10. 'Microsoft Remote Display Adapter' (P:0 D:0)
[2023.07.11-06.20.33:649][  0]LogWindows:    11. 'Microsoft Remote Display Adapter' (P:0 D:0)
[2023.07.11-06.20.33:649][  0]LogWindows:    12. 'Microsoft Remote Display Adapter' (P:0 D:0)
[2023.07.11-06.20.33:649][  0]LogWindows:    13. 'Microsoft Remote Display Adapter' (P:0 D:0)
[2023.07.11-06.20.33:649][  0]LogWindows:    14. 'Microsoft Remote Display Adapter' (P:0 D:0)
[2023.07.11-06.20.33:649][  0]LogWindows:    15. 'Microsoft Remote Display Adapter' (P:0 D:0)
[2023.07.11-06.20.33:649][  0]LogWindows: DebugString: PrimaryDriverLocationFailed PrimaryDriverLocationFailed PrimaryDriverLocationFailed PrimaryDriverLocationFailed PrimaryDriverLocationFailed PrimaryDriverLocationFailed PrimaryDriverLocationFailed PrimaryDriverLocationFailed PrimaryDriverLocationFailed PrimaryDriverLocationFailed PrimaryDriverLocationFailed PrimaryDriverLocationFailed PrimaryDriverLocationFailed PrimaryDriverLocationFailed PrimaryDriverLocationFailed PrimaryDriverLocationFailed FoundDriverCount:0 
[2023.07.11-06.20.33:649][  0]LogD3D11RHI:     Adapter Name: NVIDIA GeForce RTX 3060 Laptop GPU
[2023.07.11-06.20.33:649][  0]LogD3D11RHI:   Driver Version: Unknown (internal:Unknown, unified:Unknown)
[2023.07.11-06.20.33:649][  0]LogD3D11RHI:      Driver Date: Unknown
[2023.07.11-06.20.33:649][  0]LogRHI: Texture pool is 4206 MB (70% of 6009 MB)
[2023.07.11-06.20.33:814][  0]LogD3D11RHI: Async texture creation enabled
[2023.07.11-06.20.33:820][  0]LogRendererCore: FGlobalReadBuffer::InitRHI
[2023.07.11-06.20.33:820][  0]LogRendererCore: FGlobalReadBuffer::InitRHI
[2023.07.11-06.20.33:820][  0]LogRendererCore: FGlobalReadBuffer::InitRHI
[2023.07.11-06.20.33:833][  0]LogD3D11RHI: GPU Timing Frequency: 1000.000000 (Debug: 2 2)
[2023.07.11-06.20.34:341][  0]LogTemp: Display: Module 'AllDesktopTargetPlatform' loaded TargetPlatform 'AllDesktop'
[2023.07.11-06.20.34:353][  0]LogTemp: Display: Module 'MacClientTargetPlatform' loaded TargetPlatform 'MacClient'
[2023.07.11-06.20.34:365][  0]LogTemp: Display: Module 'MacNoEditorTargetPlatform' loaded TargetPlatform 'MacNoEditor'
[2023.07.11-06.20.34:375][  0]LogTemp: Display: Module 'MacServerTargetPlatform' loaded TargetPlatform 'MacServer'
[2023.07.11-06.20.34:385][  0]LogTemp: Display: Module 'MacTargetPlatform' loaded TargetPlatform 'Mac'
[2023.07.11-06.20.34:396][  0]LogTemp: Display: Module 'WindowsClientTargetPlatform' loaded TargetPlatform 'WindowsClient'
[2023.07.11-06.20.34:407][  0]LogTemp: Display: Module 'WindowsNoEditorTargetPlatform' loaded TargetPlatform 'WindowsNoEditor'
[2023.07.11-06.20.34:418][  0]LogTemp: Display: Module 'WindowsServerTargetPlatform' loaded TargetPlatform 'WindowsServer'
[2023.07.11-06.20.34:423][  0]LogTemp: Display: Module 'WindowsTargetPlatform' loaded TargetPlatform 'Windows'
[2023.07.11-06.20.34:493][  0]LogTemp: Display: Module 'AndroidTargetPlatform' loaded TargetPlatform 'Android'
[2023.07.11-06.20.34:493][  0]LogTemp: Display: Module 'AndroidTargetPlatform' loaded TargetPlatform 'Android_ASTC'
[2023.07.11-06.20.34:493][  0]LogTemp: Display: Module 'AndroidTargetPlatform' loaded TargetPlatform 'Android_ATC'
[2023.07.11-06.20.34:493][  0]LogTemp: Display: Module 'AndroidTargetPlatform' loaded TargetPlatform 'Android_DXT'
[2023.07.11-06.20.34:493][  0]LogTemp: Display: Module 'AndroidTargetPlatform' loaded TargetPlatform 'Android_ETC1'
[2023.07.11-06.20.34:493][  0]LogTemp: Display: Module 'AndroidTargetPlatform' loaded TargetPlatform 'Android_ETC1a'
[2023.07.11-06.20.34:493][  0]LogTemp: Display: Module 'AndroidTargetPlatform' loaded TargetPlatform 'Android_ETC2'
[2023.07.11-06.20.34:493][  0]LogTemp: Display: Module 'AndroidTargetPlatform' loaded TargetPlatform 'Android_PVRTC'
[2023.07.11-06.20.34:493][  0]LogTemp: Display: Module 'AndroidTargetPlatform' loaded TargetPlatform 'AndroidClient'
[2023.07.11-06.20.34:493][  0]LogTemp: Display: Module 'AndroidTargetPlatform' loaded TargetPlatform 'Android_ASTCClient'
[2023.07.11-06.20.34:493][  0]LogTemp: Display: Module 'AndroidTargetPlatform' loaded TargetPlatform 'Android_ATCClient'
[2023.07.11-06.20.34:493][  0]LogTemp: Display: Module 'AndroidTargetPlatform' loaded TargetPlatform 'Android_DXTClient'
[2023.07.11-06.20.34:493][  0]LogTemp: Display: Module 'AndroidTargetPlatform' loaded TargetPlatform 'Android_ETC1Client'
[2023.07.11-06.20.34:493][  0]LogTemp: Display: Module 'AndroidTargetPlatform' loaded TargetPlatform 'Android_ETC1aClient'
[2023.07.11-06.20.34:493][  0]LogTemp: Display: Module 'AndroidTargetPlatform' loaded TargetPlatform 'Android_ETC2Client'
[2023.07.11-06.20.34:493][  0]LogTemp: Display: Module 'AndroidTargetPlatform' loaded TargetPlatform 'Android_PVRTCClient'
[2023.07.11-06.20.34:493][  0]LogTemp: Display: Module 'AndroidTargetPlatform' loaded TargetPlatform 'Android_Multi'
[2023.07.11-06.20.34:493][  0]LogTemp: Display: Module 'AndroidTargetPlatform' loaded TargetPlatform 'Android_MultiClient'
[2023.07.11-06.20.34:645][  0]LogTemp: Display: Module 'HTML5TargetPlatform' loaded TargetPlatform 'HTML5'
[2023.07.11-06.20.34:689][  0]LogTemp: Display: Module 'IOSTargetPlatform' loaded TargetPlatform 'IOSClient'
[2023.07.11-06.20.34:689][  0]LogTemp: Display: Module 'IOSTargetPlatform' loaded TargetPlatform 'IOS'
[2023.07.11-06.20.34:707][  0]LogTemp: Display: Module 'TVOSTargetPlatform' loaded TargetPlatform 'TVOSClient'
[2023.07.11-06.20.34:708][  0]LogTemp: Display: Module 'TVOSTargetPlatform' loaded TargetPlatform 'TVOS'
[2023.07.11-06.20.34:846][  0]LogTemp: Display: Module 'LinuxClientTargetPlatform' loaded TargetPlatform 'LinuxClient'
[2023.07.11-06.20.34:856][  0]LogTemp: Display: Module 'LinuxNoEditorTargetPlatform' loaded TargetPlatform 'LinuxNoEditor'
[2023.07.11-06.20.34:866][  0]LogTemp: Display: Module 'LinuxServerTargetPlatform' loaded TargetPlatform 'LinuxServer'
[2023.07.11-06.20.34:876][  0]LogTemp: Display: Module 'LinuxTargetPlatform' loaded TargetPlatform 'Linux'
[2023.07.11-06.20.34:913][  0]LogTemp: Display: Module 'LuminTargetPlatform' loaded TargetPlatform 'Lumin'
[2023.07.11-06.20.34:913][  0]LogTemp: Display: Module 'LuminTargetPlatform' loaded TargetPlatform 'LuminClient'
[2023.07.11-06.20.34:955][  0]LogTargetPlatformManager: Display: Building Assets For Windows
[2023.07.11-06.20.34:962][  0]LogAudioDebug: Display: Lib vorbis DLL was dynamically loaded.
[2023.07.11-06.20.34:995][  0]LogShaderCompilers: Guid format shader working directory is 0 characters bigger than the processId version (C:/Users/15156/Documents/Unreal Projects/我的项目/Intermediate/Shaders/WorkingDirectory/10496/).
[2023.07.11-06.20.34:995][  0]LogShaderCompilers: Cleaned the shader compiler working directory 'C:/Users/15156/AppData/Local/Temp/UnrealShaderWorkingDir/E6A14C0648581F2F54CF14A695ED3FDB/'.
[2023.07.11-06.20.34:996][  0]LogXGEController: Cannot use XGE Controller as Incredibuild is not installed on this machine.
[2023.07.11-06.20.34:996][  0]LogShaderCompilers: Cannot use XGE Shader Compiler as Incredibuild is not installed on this machine.
[2023.07.11-06.20.34:996][  0]LogShaderCompilers: Display: Using Local Shader Compiler.
[2023.07.11-06.20.35:443][  0]LogDerivedDataCache: Display: Max Cache Size: 512 MB
[2023.07.11-06.20.35:486][  0]LogDerivedDataCache: Loaded boot cache 0.04s 71MB C:/Users/15156/AppData/Local/UnrealEngine/4.22/DerivedDataCache/Boot.ddc.
[2023.07.11-06.20.35:486][  0]LogDerivedDataCache: Display: Loaded Boot cache: C:/Users/15156/AppData/Local/UnrealEngine/4.22/DerivedDataCache/Boot.ddc
[2023.07.11-06.20.35:486][  0]LogDerivedDataCache: FDerivedDataBackendGraph:  Pak pak cache file C:/Users/15156/Documents/Unreal Projects/我的项目/DerivedDataCache/DDC.ddp not found, will not use a pak cache.
[2023.07.11-06.20.35:486][  0]LogDerivedDataCache: Unable to find inner node Pak for hierarchical cache Hierarchy.
[2023.07.11-06.20.35:486][  0]LogDerivedDataCache: FDerivedDataBackendGraph:  CompressedPak pak cache file C:/Users/15156/Documents/Unreal Projects/我的项目/DerivedDataCache/Compressed.ddp not found, will not use a pak cache.
[2023.07.11-06.20.35:487][  0]LogDerivedDataCache: Unable to find inner node CompressedPak for hierarchical cache Hierarchy.
[2023.07.11-06.20.35:495][  0]LogDerivedDataCache: Display: Pak cache opened for reading ../../../Engine/DerivedDataCache/Compressed.ddp.
[2023.07.11-06.20.35:496][  0]LogDerivedDataCache: FDerivedDataBackendGraph:  EnterprisePak pak cache file ../../../Enterprise/DerivedDataCache/Compressed.ddp not found, will not use a pak cache.
[2023.07.11-06.20.35:496][  0]LogDerivedDataCache: Unable to find inner node EnterprisePak for hierarchical cache Hierarchy.
[2023.07.11-06.20.35:510][  0]LogDerivedDataCache: Using Local data cache path C:/Users/15156/AppData/Local/UnrealEngine/Common/DerivedDataCache: Writable
[2023.07.11-06.20.35:510][  0]LogDerivedDataCache: Shared data cache path not found in *engine.ini, will not use an Shared cache.
[2023.07.11-06.20.35:510][  0]LogDerivedDataCache: Unable to find inner node Shared for hierarchical cache Hierarchy.
[2023.07.11-06.20.35:632][  0]LogMaterial: Verifying Global Shaders for PCD3D_SM5
[2023.07.11-06.20.35:633][  0]LogSlate: Using FreeType 2.6.0
[2023.07.11-06.20.35:633][  0]LogSlate: SlateFontServices - WITH_FREETYPE: 1, WITH_HARFBUZZ: 1
[2023.07.11-06.20.35:710][  0]LogAssetRegistry: FAssetRegistry took 0.0317 seconds to start up
[2023.07.11-06.20.36:170][  0]LogInit: Selected Device Profile: [Windows]
[2023.07.11-06.20.36:337][  0]LogMeshReduction: Using QuadricMeshReduction for automatic static mesh reduction
[2023.07.11-06.20.36:337][  0]LogMeshReduction: Using SimplygonMeshReduction for automatic skeletal mesh reduction
[2023.07.11-06.20.36:337][  0]LogMeshReduction: Using ProxyLODMeshReduction for automatic mesh merging
[2023.07.11-06.20.36:337][  0]LogMeshReduction: No distributed automatic mesh merging module available
[2023.07.11-06.20.36:337][  0]LogMeshMerging: No distributed automatic mesh merging module available
[2023.07.11-06.20.36:351][  0]LogNetVersion: 我的项目 1.0.0, NetCL: 5660361, EngineNetVer: 10, GameNetVer: 0 (Checksum: 2519086036)
[2023.07.11-06.20.36:959][  0]LogPackageLocalizationCache: Processed 10 localized package path(s) for 4 prioritized culture(s) in 0.270230 seconds
[2023.07.11-06.20.37:006][  0]LogUObjectArray: 42205 objects as part of root set at end of initial load.
[2023.07.11-06.20.37:006][  0]LogUObjectAllocator: 7325032 out of 0 bytes used by permanent object pool.
[2023.07.11-06.20.37:006][  0]LogUObjectArray: CloseDisregardForGC: 0/0 objects in disregard for GC pool
[2023.07.11-06.20.37:671][  0]LogTcpMessaging: Initializing TcpMessaging bridge
[2023.07.11-06.20.37:683][  0]LogUdpMessaging: Initializing bridge on interface 0.0.0.0:0 to multicast group 230.0.0.1:6666.
[2023.07.11-06.20.37:774][  0]SourceControl: 源码控制已禁用
[2023.07.11-06.20.37:774][  0]SourceControl: 源码控制已禁用
[2023.07.11-06.20.37:774][  0]SourceControl: 源码控制已禁用
[2023.07.11-06.20.37:775][  0]SourceControl: 源码控制已禁用
[2023.07.11-06.20.37:829][  0]LogAndroidPermission: UAndroidPermissionCallbackProxy::GetInstance
[2023.07.11-06.20.37:897][  0]LogOcInput: OculusInput pre-init called
[2023.07.11-06.20.38:567][  0]LogEngine: Initializing Engine...
[2023.07.11-06.20.38:569][  0]LogHMD: Failed to initialize OpenVR with code 110
[2023.07.11-06.20.38:571][  0]LogStats: UGameplayTagsManager::InitializeManager -  0.001 s
[2023.07.11-06.20.38:713][  0]LogInit: Initializing FReadOnlyCVARCache
[2023.07.11-06.20.38:774][  0]LogAIModule: Creating AISystem for world Untitled
[2023.07.11-06.20.38:779][  0]LogInit: XAudio2 using '远程音频' : 2 channels at 44.1 kHz using 16 bits per sample (channel mask 0x3)
[2023.07.11-06.20.38:961][  0]LogInit: FAudioDevice initialized.
[2023.07.11-06.20.38:961][  0]LogNetVersion: Set ProjectVersion to 1.0.0.0. Version Checksum will be recalculated on next use.
[2023.07.11-06.20.38:997][  0]LogDerivedDataCache: Saved boot cache 0.04s 71MB C:/Users/15156/AppData/Local/UnrealEngine/4.22/DerivedDataCache/Boot.ddc.
[2023.07.11-06.20.39:000][  0]LogInit: Texture streaming: Enabled
[2023.07.11-06.20.39:013][  0]LogEngineSessionManager: EngineSessionManager initialized
[2023.07.11-06.20.39:033][  0]LogInit: Transaction tracking system initialized
[2023.07.11-06.20.39:059][  0]BlueprintLog: New page: 编辑器加载
[2023.07.11-06.20.39:115][  0]LocalizationService: 本地化服务已禁用
[2023.07.11-06.20.39:473][  0]LogCook: Display: Max memory allowance for cook 16384mb min free memory 0mb
[2023.07.11-06.20.39:473][  0]LogCook: Display: Mobile HDR setting 1
[2023.07.11-06.20.39:721][  0]LogFileCache: Scanning file cache for directory 'C:/Users/15156/Documents/Unreal Projects/我的项目/Content/' took 0.03s
[2023.07.11-06.20.39:735][  0]SourceControl: 源码控制已禁用
[2023.07.11-06.20.39:735][  0]Cmd: MAP LOAD FILE="C:/Users/15156/Documents/Unreal Projects/我的项目/Content/StarterContent/Maps/Minimal_Default.umap" TEMPLATE=0 SHOWPROGRESS=1 FEATURELEVEL=3
[2023.07.11-06.20.39:736][  0]LightingResults: New page: 光照构建
[2023.07.11-06.20.39:739][  0]MapCheck: New page: 地图检测
[2023.07.11-06.20.39:739][  0]LightingResults: New page: 光照构建
[2023.07.11-06.20.39:767][  0]LogUObjectHash: Compacting FUObjectHashTables data took   1.29ms
[2023.07.11-06.20.40:171][  0]LogAIModule: Creating AISystem for world Minimal_Default
[2023.07.11-06.20.40:177][  0]LogEditorServer: Finished looking for orphan Actors (0.000 secs)
[2023.07.11-06.20.40:207][  0]LogUObjectHash: Compacting FUObjectHashTables data took   1.41ms
[2023.07.11-06.20.40:207][  0]Cmd: MAP CHECKDEP NOCLEARLOG
[2023.07.11-06.20.40:208][  0]MapCheck: 地图检测完成：0个错误，0 个警告，用时0.501毫秒完成。
[2023.07.11-06.20.40:208][  0]LogFileHelpers: Loading map 'Minimal_Default' took 0.473
[2023.07.11-06.20.40:439][  0]LogSlate: Updating window title bar state: overlay mode, drag disabled, window buttons hidden, title bar hidden
[2023.07.11-06.20.40:444][  0]LogSlate: Updating window title bar state: overlay mode, drag disabled, window buttons hidden, title bar hidden
[2023.07.11-06.20.40:449][  0]LogSlate: Updating window title bar state: overlay mode, drag disabled, window buttons hidden, title bar hidden
[2023.07.11-06.20.40:454][  0]LogSlate: Updating window title bar state: overlay mode, drag disabled, window buttons hidden, title bar hidden
[2023.07.11-06.20.40:459][  0]LogCollectionManager: Loaded 0 collections in 0.001446 seconds
[2023.07.11-06.20.40:498][  0]LogFileCache: Scanning file cache for directory 'C:/Users/15156/Documents/Unreal Projects/我的项目/Saved/Collections/' took 0.01s
[2023.07.11-06.20.40:498][  0]LogFileCache: Scanning file cache for directory 'C:/Users/15156/Documents/Unreal Projects/我的项目/Content/Developers/15156/Collections/' took 0.01s
[2023.07.11-06.20.40:498][  0]LogFileCache: Scanning file cache for directory 'C:/Users/15156/Documents/Unreal Projects/我的项目/Content/Collections/' took 0.01s
[2023.07.11-06.20.40:498][  0]LogCollectionManager: Rebuilt the GUID cache for 0 collections in 0.000000 seconds
[2023.07.11-06.20.40:504][  0]LogContentBrowser: Native class hierarchy populated in 0.0064 seconds. Added 2732 classes and 659 folders.
[2023.07.11-06.20.40:508][  0]LogContentBrowser: Native class hierarchy updated for 'WidgetCarousel' in 0.0003 seconds. Added 0 classes and 0 folders.
[2023.07.11-06.20.40:510][  0]LogPakFile: Registered encryption key '00000000000000000000000000000000': 0 pak files mounted, 0 remain pending
[2023.07.11-06.20.40:510][  0]LogPakFile: Registered encryption key '00000000000000000000000000000000': 0 pak files mounted, 0 remain pending
[2023.07.11-06.20.40:511][  0]LogPakFile: Registered encryption key '00000000000000000000000000000000': 0 pak files mounted, 0 remain pending
[2023.07.11-06.20.40:512][  0]LogPakFile: Registered encryption key '00000000000000000000000000000000': 0 pak files mounted, 0 remain pending
[2023.07.11-06.20.40:512][  0]LogPakFile: Registered encryption key '00000000000000000000000000000000': 0 pak files mounted, 0 remain pending
[2023.07.11-06.20.40:512][  0]LogPakFile: Registered encryption key '00000000000000000000000000000000': 0 pak files mounted, 0 remain pending
[2023.07.11-06.20.40:513][  0]LogPakFile: Registered encryption key '00000000000000000000000000000000': 0 pak files mounted, 0 remain pending
[2023.07.11-06.20.40:514][  0]LogPakFile: Registered encryption key '00000000000000000000000000000000': 0 pak files mounted, 0 remain pending
[2023.07.11-06.20.40:514][  0]LogPakFile: Registered encryption key '00000000000000000000000000000000': 0 pak files mounted, 0 remain pending
[2023.07.11-06.20.40:515][  0]LogPakFile: Registered encryption key '00000000000000000000000000000000': 0 pak files mounted, 0 remain pending
[2023.07.11-06.20.40:516][  0]LogPakFile: Registered encryption key '00000000000000000000000000000000': 0 pak files mounted, 0 remain pending
[2023.07.11-06.20.40:517][  0]LogPakFile: Registered encryption key '00000000000000000000000000000000': 0 pak files mounted, 0 remain pending
[2023.07.11-06.20.40:517][  0]LogPakFile: Registered encryption key '00000000000000000000000000000000': 0 pak files mounted, 0 remain pending
[2023.07.11-06.20.40:518][  0]LogPakFile: Registered encryption key '00000000000000000000000000000000': 0 pak files mounted, 0 remain pending
[2023.07.11-06.20.40:519][  0]LogPakFile: Registered encryption key '00000000000000000000000000000000': 0 pak files mounted, 0 remain pending
[2023.07.11-06.20.40:519][  0]LogPakFile: Registered encryption key '00000000000000000000000000000000': 0 pak files mounted, 0 remain pending
[2023.07.11-06.20.40:520][  0]LogPakFile: Registered encryption key '00000000000000000000000000000000': 0 pak files mounted, 0 remain pending
[2023.07.11-06.20.40:521][  0]LogPakFile: Registered encryption key '00000000000000000000000000000000': 0 pak files mounted, 0 remain pending
[2023.07.11-06.20.40:521][  0]LogPakFile: Registered encryption key '00000000000000000000000000000000': 0 pak files mounted, 0 remain pending
[2023.07.11-06.20.40:522][  0]LogPakFile: Registered encryption key '00000000000000000000000000000000': 0 pak files mounted, 0 remain pending
[2023.07.11-06.20.40:523][  0]LogPakFile: Registered encryption key '00000000000000000000000000000000': 0 pak files mounted, 0 remain pending
[2023.07.11-06.20.40:523][  0]LogPakFile: Registered encryption key '00000000000000000000000000000000': 0 pak files mounted, 0 remain pending
[2023.07.11-06.20.40:524][  0]LogPakFile: Registered encryption key '00000000000000000000000000000000': 0 pak files mounted, 0 remain pending
[2023.07.11-06.20.40:525][  0]LogPakFile: Registered encryption key '00000000000000000000000000000000': 0 pak files mounted, 0 remain pending
[2023.07.11-06.20.40:525][  0]LogPakFile: Registered encryption key '00000000000000000000000000000000': 0 pak files mounted, 0 remain pending
[2023.07.11-06.20.40:526][  0]LogPakFile: Registered encryption key '00000000000000000000000000000000': 0 pak files mounted, 0 remain pending
[2023.07.11-06.20.40:558][  0]LogContentBrowser: Native class hierarchy updated for 'AddContentDialog' in 0.0004 seconds. Added 0 classes and 0 folders.
[2023.07.11-06.20.40:564][  0]LogContentBrowser: Native class hierarchy updated for 'SceneOutliner' in 0.0004 seconds. Added 1 classes and 2 folders.
[2023.07.11-06.20.40:582][  0]LogSlate: Took 0.000196 seconds to synchronously load lazily loaded font '../../../Engine/Content/Slate/Fonts/Roboto-Regular.ttf' (155K)
[2023.07.11-06.20.40:584][  0]LogSlate: Took 0.001610 seconds to synchronously load lazily loaded font '../../../Engine/Content/Slate/Fonts/DroidSansFallback.ttf' (3848K)
[2023.07.11-06.20.40:585][  0]LogSlate: Took 0.000151 seconds to synchronously load lazily loaded font '../../../Engine/Content/Slate/Fonts/Roboto-Bold.ttf' (160K)
[2023.07.11-06.20.40:589][  0]LogSlate: Took 0.000214 seconds to synchronously load lazily loaded font '../../../Engine/Content/Editor/Slate/Fonts/FontAwesome.ttf' (139K)
[2023.07.11-06.20.40:641][  0]LogRenderer: Reallocating scene render targets to support 912x452 Format 10 NumSamples 1 (Frame:1).
[2023.07.11-06.20.40:992][  0]LogContentBrowser: Native class hierarchy updated for 'HierarchicalLODOutliner' in 0.0004 seconds. Added 0 classes and 0 folders.
[2023.07.11-06.20.40:992][  0]LogLoad: (Engine Initialization) Total time: 11.40 seconds
[2023.07.11-06.20.40:992][  0]LogLoad: (Engine Initialization) Total Blueprint compile time: 0.00 seconds
[2023.07.11-06.20.41:215][  0]LogAssetRegistry: Asset discovery search completed in 5.5276 seconds
[2023.07.11-06.20.41:217][  0]LogCollectionManager: Rebuilt the object cache for 0 collections in 0.000000 seconds (found 0 objects)
[2023.07.11-06.20.41:217][  0]LogCollectionManager: Fixed up redirectors for 0 collections in 0.000046 seconds (updated 0 objects)
[2023.07.11-06.20.41:217][  0]LogContentStreaming: Texture pool size now 1000 MB
[2023.07.11-06.22.35:887][415]LogSlate: FSceneViewport::OnFocusLost() reason 0
[2023.07.11-06.22.35:973][418]LogUObjectHash: Compacting FUObjectHashTables data took   0.47ms
[2023.07.11-06.22.36:127][418]LogSlate: Window '我的项目 - 虚幻编辑器' being destroyed
[2023.07.11-06.22.36:411][419]Cmd: QUIT_EDITOR
[2023.07.11-06.22.36:428][419]LogExit: Preparing to exit.
[2023.07.11-06.22.36:806][419]LogExit: Editor shut down
[2023.07.11-06.22.36:806][419]LogExit: Transaction tracking system shut down
[2023.07.11-06.22.36:946][419]LogExit: Object subsystem successfully closed.
[2023.07.11-06.22.36:970][419]LogShaderCompilers: Display: Shaders left to compile 0
[2023.07.11-06.22.36:973][419]LogD3D11RHI: Shutdown
[2023.07.11-06.22.36:973][419]LogD3D11RHI: CleanupD3DDevice
[2023.07.11-06.22.36:973][419]LogRendererCore: FGlobalReadBuffer::ReleaseRHI
[2023.07.11-06.22.36:973][419]LogRendererCore: FGlobalDynamicReadBuffer::Cleanup()
[2023.07.11-06.22.36:973][419]LogRendererCore: FGlobalReadBuffer::ReleaseRHI
[2023.07.11-06.22.36:973][419]LogRendererCore: FGlobalDynamicReadBuffer::Cleanup()
[2023.07.11-06.22.36:973][419]LogRendererCore: FGlobalReadBuffer::ReleaseRHI
[2023.07.11-06.22.36:973][419]LogRendererCore: FGlobalDynamicReadBuffer::Cleanup()
[2023.07.11-06.22.37:045][419]LogD3D11RHI: ~FD3D11DynamicRHI
[2023.07.11-06.22.37:050][419]LogModuleManager: Shutting down and abandoning module HierarchicalLODOutliner (642)
[2023.07.11-06.22.37:050][419]LogModuleManager: Shutting down and abandoning module SceneOutliner (640)
[2023.07.11-06.22.37:050][419]LogModuleManager: Shutting down and abandoning module AddContentDialog (638)
[2023.07.11-06.22.37:051][419]LogModuleManager: Shutting down and abandoning module WidgetCarousel (637)
[2023.07.11-06.22.37:051][419]LogModuleManager: Shutting down and abandoning module EditorWidgets (634)
[2023.07.11-06.22.37:051][419]LogModuleManager: Shutting down and abandoning module CollectionManager (632)
[2023.07.11-06.22.37:051][419]LogModuleManager: Shutting down and abandoning module StatsViewer (630)
[2023.07.11-06.22.37:051][419]LogModuleManager: Shutting down and abandoning module FoliageEdit (628)
[2023.07.11-06.22.37:051][419]LogModuleManager: Shutting down and abandoning module LandscapeEditor (626)
[2023.07.11-06.22.37:051][419]LogModuleManager: Shutting down and abandoning module MeshPaintMode (624)
[2023.07.11-06.22.37:051][419]LogModuleManager: Shutting down and abandoning module SceneDepthPickerMode (622)
[2023.07.11-06.22.37:051][419]LogModuleManager: Shutting down and abandoning module ActorPickerMode (620)
[2023.07.11-06.22.37:051][419]LogModuleManager: Shutting down and abandoning module GeometryMode (618)
[2023.07.11-06.22.37:051][419]LogModuleManager: Shutting down and abandoning module TextureAlignMode (616)
[2023.07.11-06.22.37:051][419]LogModuleManager: Shutting down and abandoning module BspMode (614)
[2023.07.11-06.22.37:051][419]LogModuleManager: Shutting down and abandoning module PIEPreviewDeviceProfileSelector (612)
[2023.07.11-06.22.37:051][419]LogModuleManager: Shutting down and abandoning module SequenceRecorderSections (610)
[2023.07.11-06.22.37:051][419]LogModuleManager: Shutting down and abandoning module AutomationWorker (608)
[2023.07.11-06.22.37:051][419]LogModuleManager: Shutting down and abandoning module OculusMR (606)
[2023.07.11-06.22.37:051][419]LogModuleManager: Shutting down and abandoning module AudioCaptureEditor (604)
[2023.07.11-06.22.37:051][419]LogModuleManager: Shutting down and abandoning module MatineeToLevelSequence (602)
[2023.07.11-06.22.37:051][419]LogModuleManager: Shutting down and abandoning module LevelSequenceEditor (600)
[2023.07.11-06.22.37:051][419]LogModuleManager: Shutting down and abandoning module PlacementMode (599)
[2023.07.11-06.22.37:051][419]LogModuleManager: Shutting down and abandoning module MaterialEditor (598)
[2023.07.11-06.22.37:051][419]LogModuleManager: Shutting down and abandoning module ActorSequenceEditor (594)
[2023.07.11-06.22.37:051][419]LogModuleManager: Shutting down and abandoning module WmfMediaFactory (592)
[2023.07.11-06.22.37:051][419]LogModuleManager: Shutting down and abandoning module WmfMediaEditor (590)
[2023.07.11-06.22.37:051][419]LogModuleManager: Shutting down and abandoning module WebMMediaFactory (588)
[2023.07.11-06.22.37:051][419]LogModuleManager: Shutting down and abandoning module WebMMediaEditor (586)
[2023.07.11-06.22.37:051][419]LogModuleManager: Shutting down and abandoning module WebMMedia (584)
[2023.07.11-06.22.37:051][419]LogModuleManager: Shutting down and abandoning module MediaPlayerEditor (582)
[2023.07.11-06.22.37:051][419]LogModuleManager: Shutting down and abandoning module MediaCompositingEditor (580)
[2023.07.11-06.22.37:051][419]LogModuleManager: Shutting down and abandoning module SequenceRecorder (579)
[2023.07.11-06.22.37:051][419]LogModuleManager: Shutting down and abandoning module OpenExrWrapper (576)
[2023.07.11-06.22.37:051][419]LogModuleManager: Shutting down and abandoning module ImgMediaFactory (574)
[2023.07.11-06.22.37:051][419]LogModuleManager: Shutting down and abandoning module ImgMediaEditor (572)
[2023.07.11-06.22.37:051][419]LogModuleManager: Shutting down and abandoning module AvfMediaFactory (570)
[2023.07.11-06.22.37:051][419]LogModuleManager: Shutting down and abandoning module AvfMediaEditor (568)
[2023.07.11-06.22.37:051][419]LogModuleManager: Shutting down and abandoning module AndroidMediaFactory (566)
[2023.07.11-06.22.37:051][419]LogModuleManager: Shutting down and abandoning module AndroidMediaEditor (564)
[2023.07.11-06.22.37:051][419]LogModuleManager: Shutting down and abandoning module MagicLeapCameraPreviewFactory (562)
[2023.07.11-06.22.37:051][419]LogModuleManager: Shutting down and abandoning module MagicLeapMediaCodecFactory (560)
[2023.07.11-06.22.37:051][419]LogModuleManager: Shutting down and abandoning module MagicLeapMediaFactory (558)
[2023.07.11-06.22.37:051][419]LogModuleManager: Shutting down and abandoning module MagicLeapMediaEditor (556)
[2023.07.11-06.22.37:051][419]LogModuleManager: Shutting down and abandoning module CharacterAI (554)
[2023.07.11-06.22.37:051][419]LogModuleManager: Shutting down and abandoning module SmartSnapping (552)
[2023.07.11-06.22.37:051][419]LogModuleManager: Shutting down and abandoning module SessionServices (550)
[2023.07.11-06.22.37:051][419]LogModuleManager: Shutting down and abandoning module MeshPaint (548)
[2023.07.11-06.22.37:051][419]LogModuleManager: Shutting down and abandoning module ViewportSnapping (546)
[2023.07.11-06.22.37:051][419]LogModuleManager: Shutting down and abandoning module ViewportInteraction (544)
[2023.07.11-06.22.37:051][419]LogModuleManager: Shutting down and abandoning module ClothPainter (542)
[2023.07.11-06.22.37:051][419]LogModuleManager: Shutting down and abandoning module SkeletalMeshEditor (541)
[2023.07.11-06.22.37:051][419]LogModuleManager: Shutting down and abandoning module LogVisualizer (538)
[2023.07.11-06.22.37:052][419]LogModuleManager: Shutting down and abandoning module IntroTutorials (536)
[2023.07.11-06.22.37:052][419]LogModuleManager: Shutting down and abandoning module GameProjectGeneration (535)
[2023.07.11-06.22.37:052][419]LogModuleManager: Shutting down and abandoning module LuminPlatformEditor (532)
[2023.07.11-06.22.37:052][419]LogModuleManager: Shutting down and abandoning module IOSPlatformEditor (530)
[2023.07.11-06.22.37:052][419]LogModuleManager: Shutting down and abandoning module HTML5PlatformEditor (528)
[2023.07.11-06.22.37:052][419]LogModuleManager: Shutting down and abandoning module AndroidPlatformEditor (526)
[2023.07.11-06.22.37:052][419]LogModuleManager: Shutting down and abandoning module AndroidDeviceDetection (525)
[2023.07.11-06.22.37:252][419]LogModuleManager: Shutting down and abandoning module WindowsPlatformEditor (522)
[2023.07.11-06.22.37:252][419]LogModuleManager: Shutting down and abandoning module LuminRuntimeSettings (520)
[2023.07.11-06.22.37:252][419]LogModuleManager: Shutting down and abandoning module IOSRuntimeSettings (518)
[2023.07.11-06.22.37:252][419]LogModuleManager: Shutting down and abandoning module AndroidRuntimeSettings (516)
[2023.07.11-06.22.37:252][419]LogModuleManager: Shutting down and abandoning module TimeManagementEditor (514)
[2023.07.11-06.22.37:252][419]LogModuleManager: Shutting down and abandoning module InputBindingEditor (512)
[2023.07.11-06.22.37:252][419]LogModuleManager: Shutting down and abandoning module MergeActors (510)
[2023.07.11-06.22.37:253][419]LogModuleManager: Shutting down and abandoning module LocalizationDashboard (508)
[2023.07.11-06.22.37:253][419]LogModuleManager: Shutting down and abandoning module LocalizationService (507)
[2023.07.11-06.22.37:253][419]LogModuleManager: Shutting down and abandoning module HardwareTargeting (504)
[2023.07.11-06.22.37:253][419]LogModuleManager: Shutting down and abandoning module DeviceProfileEditor (502)
[2023.07.11-06.22.37:253][419]LogModuleManager: Shutting down and abandoning module UndoHistory (500)
[2023.07.11-06.22.37:253][419]LogModuleManager: Shutting down and abandoning module XmlParser (498)
[2023.07.11-06.22.37:253][419]LogModuleManager: Shutting down and abandoning module Blutility (496)
[2023.07.11-06.22.37:253][419]LogModuleManager: Shutting down and abandoning module ProjectSettingsViewer (494)
[2023.07.11-06.22.37:253][419]LogModuleManager: Shutting down and abandoning module ProjectTargetPlatformEditor (493)
[2023.07.11-06.22.37:253][419]LogModuleManager: Shutting down and abandoning module EditorSettingsViewer (490)
[2023.07.11-06.22.37:253][419]LogModuleManager: Shutting down and abandoning module SettingsEditor (488)
[2023.07.11-06.22.37:253][419]LogModuleManager: Shutting down and abandoning module ProjectLauncher (486)
[2023.07.11-06.22.37:253][419]LogModuleManager: Shutting down and abandoning module SessionFrontend (484)
[2023.07.11-06.22.37:253][419]LogModuleManager: Shutting down and abandoning module ProfilerClient (482)
[2023.07.11-06.22.37:253][419]LogModuleManager: Shutting down and abandoning module DeviceManager (480)
[2023.07.11-06.22.37:253][419]LogModuleManager: Shutting down and abandoning module TargetDeviceServices (479)
[2023.07.11-06.22.37:285][419]LogModuleManager: Shutting down and abandoning module AutomationController (476)
[2023.07.11-06.22.37:285][419]LogModuleManager: Shutting down and abandoning module AutomationWindow (474)
[2023.07.11-06.22.37:285][419]LogModuleManager: Shutting down and abandoning module Layers (472)
[2023.07.11-06.22.37:285][419]LogModuleManager: Shutting down and abandoning module ComponentVisualizers (470)
[2023.07.11-06.22.37:285][419]LogModuleManager: Shutting down and abandoning module DetailCustomizations (468)
[2023.07.11-06.22.37:285][419]LogModuleManager: Shutting down and abandoning module PackagesDialog (466)
[2023.07.11-06.22.37:285][419]LogModuleManager: Shutting down and abandoning module AnimationBlueprintEditor (464)
[2023.07.11-06.22.37:285][419]LogModuleManager: Shutting down and abandoning module Persona (462)
[2023.07.11-06.22.37:285][419]LogModuleManager: Shutting down and abandoning module AdvancedPreviewScene (461)
[2023.07.11-06.22.37:285][419]LogModuleManager: Shutting down and abandoning module AnimGraph (459)
[2023.07.11-06.22.37:285][419]LogModuleManager: Shutting down and abandoning module Kismet (456)
[2023.07.11-06.22.37:285][419]LogModuleManager: Shutting down and abandoning module GraphEditor (454)
[2023.07.11-06.22.37:285][419]LogModuleManager: Shutting down and abandoning module ClassViewer (452)
[2023.07.11-06.22.37:285][419]LogModuleManager: Shutting down and abandoning module Toolbox (450)
[2023.07.11-06.22.37:285][419]LogModuleManager: Shutting down and abandoning module ModuleUI (448)
[2023.07.11-06.22.37:285][419]LogModuleManager: Shutting down and abandoning module MovieSceneTools (446)
[2023.07.11-06.22.37:285][419]LogModuleManager: Shutting down and abandoning module OutputLog (444)
[2023.07.11-06.22.37:285][419]LogModuleManager: Shutting down and abandoning module GammaUI (442)
[2023.07.11-06.22.37:285][419]LogModuleManager: Shutting down and abandoning module Documentation (440)
[2023.07.11-06.22.37:285][419]LogModuleManager: Shutting down and abandoning module LiveCoding (438)
[2023.07.11-06.22.37:285][419]LogModuleManager: Shutting down and abandoning module LevelSequence (436)
[2023.07.11-06.22.37:285][419]LogModuleManager: Shutting down and abandoning module MovieSceneTracks (434)
[2023.07.11-06.22.37:285][419]LogModuleManager: Shutting down and abandoning module MovieScene (432)
[2023.07.11-06.22.37:285][419]LogModuleManager: Shutting down and abandoning module StreamingPauseRendering (430)
[2023.07.11-06.22.37:285][419]LogModuleManager: Shutting down and abandoning module LauncherPlatform (428)
[2023.07.11-06.22.37:285][419]LogModuleManager: Shutting down and abandoning module AnalyticsET (426)
[2023.07.11-06.22.37:285][419]LogModuleManager: Shutting down and abandoning module PortalServices (424)
[2023.07.11-06.22.37:285][419]LogModuleManager: Shutting down and abandoning module PortalRpc (422)
[2023.07.11-06.22.37:285][419]LogModuleManager: Shutting down and abandoning module MessagingRpc (420)
[2023.07.11-06.22.37:285][419]LogModuleManager: Shutting down and abandoning module AIModule (418)
[2023.07.11-06.22.37:285][419]LogModuleManager: Shutting down and abandoning module GameplayDebugger (417)
[2023.07.11-06.22.37:285][419]LogModuleManager: Shutting down and abandoning module AITestSuite (415)
[2023.07.11-06.22.37:285][419]LogModuleManager: Shutting down and abandoning module NavigationSystem (413)
[2023.07.11-06.22.37:286][419]LogModuleManager: Shutting down and abandoning module DesktopPlatform (410)
[2023.07.11-06.22.37:286][419]LogModuleManager: Shutting down and abandoning module ImageWriteQueue (408)
[2023.07.11-06.22.37:288][419]LogModuleManager: Shutting down and abandoning module ProfilerService (406)
[2023.07.11-06.22.37:391][419]LogModuleManager: Shutting down and abandoning module TaskGraph (404)
[2023.07.11-06.22.37:391][419]LogModuleManager: Shutting down and abandoning module SteamVRController (402)
[2023.07.11-06.22.37:391][419]LogModuleManager: Shutting down and abandoning module ProceduralMeshComponentEditor (400)
[2023.07.11-06.22.37:391][419]LogModuleManager: Shutting down and abandoning module ProceduralMeshComponent (398)
[2023.07.11-06.22.37:391][419]LogModuleManager: Shutting down and abandoning module OculusEditor (396)
[2023.07.11-06.22.37:391][419]LogModuleManager: Shutting down and abandoning module OculusInput (394)
[2023.07.11-06.22.37:391][419]LogModuleManager: Shutting down and abandoning module MobilePatchingUtils (392)
[2023.07.11-06.22.37:391][419]LogModuleManager: Shutting down and abandoning module EditableMesh (390)
[2023.07.11-06.22.37:391][419]LogModuleManager: Shutting down and abandoning module CustomMeshComponent (388)
[2023.07.11-06.22.37:391][419]LogModuleManager: Shutting down and abandoning module CableComponent (386)
[2023.07.11-06.22.37:391][419]LogModuleManager: Shutting down and abandoning module AudioCapture (384)
[2023.07.11-06.22.37:391][419]LogModuleManager: Shutting down and abandoning module ArchVisCharacter (382)
[2023.07.11-06.22.37:391][419]LogModuleManager: Shutting down and abandoning module AndroidPermission (380)
[2023.07.11-06.22.37:391][419]LogModuleManager: Shutting down and abandoning module NUTUnrealEngine4 (378)
[2023.07.11-06.22.37:391][419]LogModuleManager: Shutting down and abandoning module NetcodeUnitTest (376)
[2023.07.11-06.22.37:391][419]LogModuleManager: Shutting down and abandoning module MediaCompositing (374)
[2023.07.11-06.22.37:391][419]LogModuleManager: Shutting down and abandoning module LinearTimecode (372)
[2023.07.11-06.22.37:391][419]LogModuleManager: Shutting down and abandoning module ImgMedia (370)
[2023.07.11-06.22.37:391][419]LogModuleManager: Shutting down and abandoning module MagicLeapHelperVulkan (368)
[2023.07.11-06.22.37:391][419]LogModuleManager: Shutting down and abandoning module MagicLeapHelperOpenGL (366)
[2023.07.11-06.22.37:391][419]LogModuleManager: Shutting down and abandoning module MagicLeapAudio (364)
[2023.07.11-06.22.37:391][419]LogModuleManager: Shutting down and abandoning module HTML5Networking (362)
[2023.07.11-06.22.37:391][419]LogModuleManager: Shutting down and abandoning module GeometryCacheTracks (360)
[2023.07.11-06.22.37:391][419]LogModuleManager: Shutting down and abandoning module GeometryCacheSequencer (358)
[2023.07.11-06.22.37:391][419]LogModuleManager: Shutting down and abandoning module BackChannel (356)
[2023.07.11-06.22.37:391][419]LogModuleManager: Shutting down and abandoning module AppleVision (354)
[2023.07.11-06.22.37:391][419]LogModuleManager: Shutting down and abandoning module AppleImageUtilsBlueprintSupport (352)
[2023.07.11-06.22.37:391][419]LogModuleManager: Shutting down and abandoning module AppleImageUtils (350)
[2023.07.11-06.22.37:391][419]LogModuleManager: Shutting down and abandoning module AlembicImporter (348)
[2023.07.11-06.22.37:391][419]LogModuleManager: Shutting down and abandoning module AlembicLibrary (347)
[2023.07.11-06.22.37:391][419]LogModuleManager: Shutting down and abandoning module GeometryCache (346)
[2023.07.11-06.22.37:391][419]LogModuleManager: Shutting down and abandoning module GeometryCacheEd (345)
[2023.07.11-06.22.37:391][419]LogModuleManager: Shutting down and abandoning module VariantManagerContent (340)
[2023.07.11-06.22.37:391][419]LogModuleManager: Shutting down and abandoning module DatasmithContentEditor (338)
[2023.07.11-06.22.37:391][419]LogModuleManager: Shutting down and abandoning module SpeedTreeImporter (336)
[2023.07.11-06.22.37:391][419]LogModuleManager: Shutting down and abandoning module PluginBrowser (334)
[2023.07.11-06.22.37:391][419]LogModuleManager: Shutting down and abandoning module MobileLauncherProfileWizard (332)
[2023.07.11-06.22.37:391][419]LogModuleManager: Shutting down and abandoning module MaterialAnalyzer (330)
[2023.07.11-06.22.37:391][419]LogModuleManager: Shutting down and abandoning module CryptoKeysOpenSSL (328)
[2023.07.11-06.22.37:391][419]LogModuleManager: Shutting down and abandoning module CryptoKeys (326)
[2023.07.11-06.22.37:391][419]LogModuleManager: Shutting down and abandoning module VisualStudioSourceCodeAccess (324)
[2023.07.11-06.22.37:391][419]LogModuleManager: Shutting down and abandoning module VisualStudioCodeSourceCodeAccess (322)
[2023.07.11-06.22.37:391][419]LogModuleManager: Shutting down and abandoning module UObjectPlugin (320)
[2023.07.11-06.22.37:391][419]LogModuleManager: Shutting down and abandoning module SubversionSourceControl (318)
[2023.07.11-06.22.37:391][419]LogModuleManager: Shutting down and abandoning module PerforceSourceControl (316)
[2023.07.11-06.22.37:391][419]LogModuleManager: Shutting down and abandoning module GitSourceControl (314)
[2023.07.11-06.22.37:391][419]LogModuleManager: Shutting down and abandoning module SourceControl (313)
[2023.07.11-06.22.37:391][419]LogModuleManager: Shutting down and abandoning module CLionSourceCodeAccess (310)
[2023.07.11-06.22.37:391][419]LogModuleManager: Shutting down and abandoning module AnimationSharingEd (308)
[2023.07.11-06.22.37:391][419]LogModuleManager: Shutting down and abandoning module ActorLayerUtilitiesEditor (306)
[2023.07.11-06.22.37:391][419]LogModuleManager: Shutting down and abandoning module ActorLayerUtilities (304)
[2023.07.11-06.22.37:391][419]LogModuleManager: Shutting down and abandoning module LightPropagationVolumeEditor (302)
[2023.07.11-06.22.37:391][419]LogModuleManager: Shutting down and abandoning module PaperTiledImporter (300)
[2023.07.11-06.22.37:391][419]LogModuleManager: Shutting down and abandoning module PaperSpriteSheetImporter (298)
[2023.07.11-06.22.37:391][419]LogModuleManager: Shutting down and abandoning module Paper2DEditor (296)
[2023.07.11-06.22.37:392][419]LogModuleManager: Shutting down and abandoning module SignificanceManager (294)
[2023.07.11-06.22.37:392][419]LogModuleManager: Shutting down and abandoning module RuntimePhysXCooking (292)
[2023.07.11-06.22.37:392][419]LogModuleManager: Shutting down and abandoning module PhysXVehiclesEditor (290)
[2023.07.11-06.22.37:392][419]LogModuleManager: Shutting down and abandoning module PhysXVehicles (288)
[2023.07.11-06.22.37:392][419]LogModuleManager: Shutting down and abandoning module LocationServicesBPLibrary (286)
[2023.07.11-06.22.37:392][419]LogModuleManager: Shutting down and abandoning module ActorSequence (284)
[2023.07.11-06.22.37:392][419]LogModuleManager: Shutting down and abandoning module UdpMessaging (282)
[2023.07.11-06.22.37:492][419]LogModuleManager: Shutting down and abandoning module TcpMessaging (280)
[2023.07.11-06.22.37:740][419]LogModuleManager: Shutting down and abandoning module MagicLeapIdentity (278)
[2023.07.11-06.22.37:740][419]LogModuleManager: Shutting down and abandoning module MagicLeapSecureStorage (276)
[2023.07.11-06.22.37:740][419]LogModuleManager: Shutting down and abandoning module MagicLeapHandTracking (274)
[2023.07.11-06.22.37:740][419]LogModuleManager: Shutting down and abandoning module MagicLeapEyeTracker (272)
[2023.07.11-06.22.37:740][419]LogModuleManager: Shutting down and abandoning module MagicLeapController (270)
[2023.07.11-06.22.37:740][419]LogSlate: Slate User Destroyed.  User Index 0, Is Virtual User: 0
[2023.07.11-06.22.37:740][419]LogModuleManager: Shutting down and abandoning module MagicLeapAR (268)
[2023.07.11-06.22.37:741][419]LogModuleManager: Shutting down and abandoning module AugmentedReality (267)
[2023.07.11-06.22.37:741][419]LogModuleManager: Shutting down and abandoning module GameplayTagsEditor (264)
[2023.07.11-06.22.37:741][419]LogModuleManager: Shutting down and abandoning module FacialAnimationEditor (262)
[2023.07.11-06.22.37:741][419]LogModuleManager: Shutting down and abandoning module FacialAnimation (260)
[2023.07.11-06.22.37:741][419]LogModuleManager: Shutting down and abandoning module DataValidation (258)
[2023.07.11-06.22.37:741][419]LogModuleManager: Shutting down and abandoning module AssetManagerEditor (256)
[2023.07.11-06.22.37:741][419]LogModuleManager: Shutting down and abandoning module LevelEditor (255)
[2023.07.11-06.22.37:741][419]LogModuleManager: Shutting down and abandoning module PixelInspectorModule (254)
[2023.07.11-06.22.37:741][419]LogModuleManager: Shutting down and abandoning module CommonMenuExtensions (252)
[2023.07.11-06.22.37:741][419]LogModuleManager: Shutting down and abandoning module MainFrame (250)
[2023.07.11-06.22.37:741][419]LogModuleManager: Shutting down and abandoning module HotReload (249)
[2023.07.11-06.22.37:741][419]LogModuleManager: Shutting down and abandoning module ContentBrowser (245)
[2023.07.11-06.22.37:742][419]LogModuleManager: Shutting down and abandoning module TreeMap (243)
[2023.07.11-06.22.37:742][419]LogModuleManager: Shutting down and abandoning module AnimationSharing (240)
[2023.07.11-06.22.37:742][419]LogModuleManager: Shutting down and abandoning module LightPropagationVolumeRuntime (238)
[2023.07.11-06.22.37:742][419]LogModuleManager: Shutting down and abandoning module AISupportModule (236)
[2023.07.11-06.22.37:742][419]LogModuleManager: Shutting down and abandoning module Paper2D (234)
[2023.07.11-06.22.37:742][419]LogModuleManager: Shutting down and abandoning module WindowsMoviePlayer (232)
[2023.07.11-06.22.37:743][419]LogModuleManager: Shutting down and abandoning module WebMMoviePlayer (230)
[2023.07.11-06.22.37:743][419]LogModuleManager: Shutting down and abandoning module PacketHandler (228)
[2023.07.11-06.22.37:743][419]LogModuleManager: Shutting down and abandoning module ClothingSystemEditor (226)
[2023.07.11-06.22.37:743][419]LogModuleManager: Shutting down and abandoning module ClothingSystemRuntime (224)
[2023.07.11-06.22.37:743][419]LogModuleManager: Shutting down and abandoning module MediaAssets (222)
[2023.07.11-06.22.37:743][419]LogModuleManager: Shutting down and abandoning module Overlay (220)
[2023.07.11-06.22.37:743][419]LogModuleManager: Shutting down and abandoning module OverlayEditor (219)
[2023.07.11-06.22.37:743][419]LogModuleManager: Shutting down and abandoning module VREditor (216)
[2023.07.11-06.22.37:743][419]LogModuleManager: Shutting down and abandoning module StringTableEditor (214)
[2023.07.11-06.22.37:743][419]LogModuleManager: Shutting down and abandoning module GameplayTasksEditor (212)
[2023.07.11-06.22.37:743][419]LogModuleManager: Shutting down and abandoning module BehaviorTreeEditor (210)
[2023.07.11-06.22.37:743][419]LogModuleManager: Shutting down and abandoning module FunctionalTesting (208)
[2023.07.11-06.22.37:743][419]LogModuleManager: Shutting down and abandoning module CollisionAnalyzer (206)
[2023.07.11-06.22.37:743][419]LogModuleManager: Shutting down and abandoning module WorkspaceMenuStructure (205)
[2023.07.11-06.22.37:743][419]LogModuleManager: Shutting down and abandoning module UMG (202)
[2023.07.11-06.22.37:743][419]LogModuleManager: Shutting down and abandoning module UMGEditor (201)
[2023.07.11-06.22.37:743][419]LogModuleManager: Shutting down and abandoning module Sequencer (200)
[2023.07.11-06.22.37:743][419]LogModuleManager: Shutting down and abandoning module MessageLog (197)
[2023.07.11-06.22.37:743][419]LogModuleManager: Shutting down and abandoning module SlateReflector (192)
[2023.07.11-06.22.37:743][419]LogModuleManager: Shutting down and abandoning module Slate (190)
[2023.07.11-06.22.37:743][419]LogModuleManager: Shutting down and abandoning module EditorStyle (188)
[2023.07.11-06.22.37:744][419]LogModuleManager: Shutting down and abandoning module UnrealEd (186)
[2023.07.11-06.22.37:744][419]LogModuleManager: Shutting down and abandoning module MRMesh (184)
[2023.07.11-06.22.37:744][419]LogModuleManager: Shutting down and abandoning module SourceCodeAccess (182)
[2023.07.11-06.22.37:744][419]LogModuleManager: Shutting down and abandoning module HeadMountedDisplay (180)
[2023.07.11-06.22.37:744][419]LogModuleManager: Shutting down and abandoning module XAudio2 (178)
[2023.07.11-06.22.37:744][419]LogModuleManager: Shutting down and abandoning module Networking (176)
[2023.07.11-06.22.37:744][419]LogModuleManager: Shutting down and abandoning module Core (174)
[2023.07.11-06.22.37:744][419]LogModuleManager: Shutting down and abandoning module KismetCompiler (172)
[2023.07.11-06.22.37:744][419]LogModuleManager: Shutting down and abandoning module MeshUtilities (170)
[2023.07.11-06.22.37:744][419]LogModuleManager: Shutting down and abandoning module MeshMergeUtilities (169)
[2023.07.11-06.22.37:744][419]LogModuleManager: Shutting down and abandoning module MeshReductionInterface (168)
[2023.07.11-06.22.37:744][419]LogModuleManager: Shutting down and abandoning module SkeletalMeshReduction (167)
[2023.07.11-06.22.37:744][419]LogModuleManager: Shutting down and abandoning module ProxyLODMeshReduction (165)
[2023.07.11-06.22.37:744][419]LogModuleManager: Shutting down and abandoning module QuadricMeshReduction (163)
[2023.07.11-06.22.37:744][419]LogModuleManager: Shutting down and abandoning module MaterialBaking (159)
[2023.07.11-06.22.37:744][419]LogModuleManager: Shutting down and abandoning module DerivedDataCache (154)
[2023.07.11-06.22.37:832][419]LogDerivedDataCache: Shutdown
[2023.07.11-06.22.37:832][419]LogModuleManager: Shutting down and abandoning module XGEController (152)
[2023.07.11-06.22.37:832][419]LogModuleManager: Shutting down and abandoning module TargetPlatform (150)
[2023.07.11-06.22.37:832][419]LogModuleManager: Shutting down and abandoning module VulkanShaderFormat (149)
[2023.07.11-06.22.37:832][419]LogModuleManager: Shutting down and abandoning module ShaderFormatVectorVM (147)
[2023.07.11-06.22.37:832][419]LogModuleManager: Shutting down and abandoning module ShaderFormatOpenGL (145)
[2023.07.11-06.22.37:832][419]LogModuleManager: Shutting down and abandoning module ShaderFormatD3D (143)
[2023.07.11-06.22.37:832][419]LogModuleManager: Shutting down and abandoning module MetalShaderFormat (141)
[2023.07.11-06.22.37:832][419]LogModuleManager: Shutting down and abandoning module TextureFormatUncompressed (139)
[2023.07.11-06.22.37:832][419]LogModuleManager: Shutting down and abandoning module TextureFormatPVR (137)
[2023.07.11-06.22.37:832][419]LogModuleManager: Shutting down and abandoning module TextureFormatDXT (135)
[2023.07.11-06.22.37:832][419]LogModuleManager: Shutting down and abandoning module TextureFormatIntelISPCTexComp (133)
[2023.07.11-06.22.37:833][419]LogModuleManager: Shutting down and abandoning module TextureFormatASTC (131)
[2023.07.11-06.22.37:833][419]LogModuleManager: Shutting down and abandoning module ImageWrapper (130)
[2023.07.11-06.22.37:833][419]LogModuleManager: Shutting down and abandoning module TextureFormatAndroid (127)
[2023.07.11-06.22.37:833][419]LogModuleManager: Shutting down and abandoning module AudioFormatOpus (125)
[2023.07.11-06.22.37:833][419]LogModuleManager: Shutting down and abandoning module AudioFormatOgg (123)
[2023.07.11-06.22.37:833][419]LogModuleManager: Shutting down and abandoning module AudioFormatADPCM (121)
[2023.07.11-06.22.37:833][419]LogModuleManager: Shutting down and abandoning module LuminTargetPlatform (119)
[2023.07.11-06.22.37:833][419]LogModuleManager: Shutting down and abandoning module LinuxTargetPlatform (117)
[2023.07.11-06.22.37:833][419]LogModuleManager: Shutting down and abandoning module LinuxServerTargetPlatform (115)
[2023.07.11-06.22.37:833][419]LogModuleManager: Shutting down and abandoning module LinuxNoEditorTargetPlatform (113)
[2023.07.11-06.22.37:833][419]LogModuleManager: Shutting down and abandoning module LinuxClientTargetPlatform (111)
[2023.07.11-06.22.37:833][419]LogModuleManager: Shutting down and abandoning module TVOSTargetPlatform (109)
[2023.07.11-06.22.37:834][419]LogModuleManager: Shutting down and abandoning module Messaging (107)
[2023.07.11-06.22.37:834][419]LogModuleManager: Shutting down and abandoning module IOSTargetPlatform (105)
[2023.07.11-06.22.37:834][419]LogModuleManager: Shutting down and abandoning module HTML5TargetPlatform (103)
[2023.07.11-06.22.37:834][419]LogModuleManager: Shutting down and abandoning module AndroidTargetPlatform (101)
[2023.07.11-06.22.37:838][419]LogModuleManager: Shutting down and abandoning module WindowsTargetPlatform (99)
[2023.07.11-06.22.37:838][419]LogModuleManager: Shutting down and abandoning module WindowsServerTargetPlatform (97)
[2023.07.11-06.22.37:838][419]LogModuleManager: Shutting down and abandoning module WindowsNoEditorTargetPlatform (95)
[2023.07.11-06.22.37:838][419]LogModuleManager: Shutting down and abandoning module WindowsClientTargetPlatform (93)
[2023.07.11-06.22.37:838][419]LogModuleManager: Shutting down and abandoning module MacTargetPlatform (91)
[2023.07.11-06.22.37:838][419]LogModuleManager: Shutting down and abandoning module MacServerTargetPlatform (89)
[2023.07.11-06.22.37:838][419]LogModuleManager: Shutting down and abandoning module MacNoEditorTargetPlatform (87)
[2023.07.11-06.22.37:838][419]LogModuleManager: Shutting down and abandoning module MacClientTargetPlatform (85)
[2023.07.11-06.22.37:838][419]LogModuleManager: Shutting down and abandoning module AllDesktopTargetPlatform (83)
[2023.07.11-06.22.37:838][419]LogModuleManager: Shutting down and abandoning module InputCore (80)
[2023.07.11-06.22.37:838][419]LogModuleManager: Shutting down and abandoning module Settings (78)
[2023.07.11-06.22.37:838][419]LogModuleManager: Shutting down and abandoning module DirectoryWatcher (76)
[2023.07.11-06.22.37:839][419]LogModuleManager: Shutting down and abandoning module PhysXCooking (74)
[2023.07.11-06.22.37:839][419]LogModuleManager: Shutting down and abandoning module SteamVR (72)
[2023.07.11-06.22.37:839][419]LogHMD: Freeing OpenVRDLLHandle.
[2023.07.11-06.22.37:839][419]LogModuleManager: Shutting down and abandoning module OculusHMD (70)
[2023.07.11-06.22.37:839][419]LogModuleManager: Shutting down and abandoning module ExampleDeviceProfileSelector (68)
[2023.07.11-06.22.37:839][419]LogModuleManager: Shutting down and abandoning module LauncherChunkInstaller (66)
[2023.07.11-06.22.37:839][419]LogModuleManager: Shutting down and abandoning module OnlineBlueprintSupport (64)
[2023.07.11-06.22.37:839][419]LogModuleManager: Shutting down and abandoning module OnlineSubsystem (60)
[2023.07.11-06.22.37:840][419]LogModuleManager: Shutting down and abandoning module XMPP (55)
[2023.07.11-06.22.37:840][419]LogModuleManager: Shutting down and abandoning module WebSockets (54)
[2023.07.11-06.22.37:858][419]LogModuleManager: Shutting down and abandoning module HTTP (51)
[2023.07.11-06.22.37:858][419]LogHttp: Display: Http module shutting down, but needs to wait on 1 outstanding Http requests:
[2023.07.11-06.22.37:858][419]LogHttp: Display: 	verb=[POST] url=[https://datarouter.ol.epicgames.com/datarouter/api/v1/public/data?SessionID=%7B03FD6586-4008-1932-D4F5-AAA37A009205%7D&AppID=UEEditor.Rocket.Release&AppVersion=4.22.3-7053642%2B%2B%2BUE4%2BRelease-4.22&UserID=85e73740479bfa6b76695fa09d46b7ab%7C87cc87a425ee4b8582ef52699252abe2%7Cdbff0f96-b2cb-440f-a42a-d738450fe0d7&AppEnvironment=datacollector-binary&UploadType=eteventstream] status=Processing
[2023.07.11-06.22.37:892][419]LogModuleManager: Shutting down and abandoning module SSL (50)
[2023.07.11-06.22.37:893][419]LogModuleManager: Shutting down and abandoning module WmfMedia (46)
[2023.07.11-06.22.37:894][419]LogModuleManager: Shutting down and abandoning module Media (45)
[2023.07.11-06.22.37:900][419]LogModuleManager: Shutting down and abandoning module MagicLeap (42)
[2023.07.11-06.22.37:900][419]LogModuleManager: Shutting down and abandoning module DatasmithContent (40)
[2023.07.11-06.22.37:901][419]LogModuleManager: Shutting down and abandoning module AnimationModifiers (38)
[2023.07.11-06.22.37:901][419]LogModuleManager: Shutting down and abandoning module PropertyEditor (37)
[2023.07.11-06.22.37:901][419]LogModuleManager: Shutting down and abandoning module AudioEditor (34)
[2023.07.11-06.22.37:901][419]LogModuleManager: Shutting down and abandoning module TextureCompressor (32)
[2023.07.11-06.22.37:901][419]LogModuleManager: Shutting down and abandoning module RenderCore (30)
[2023.07.11-06.22.37:901][419]LogModuleManager: Shutting down and abandoning module Landscape (28)
[2023.07.11-06.22.37:901][419]LogModuleManager: Shutting down and abandoning module SlateRHIRenderer (26)
[2023.07.11-06.22.37:901][419]LogModuleManager: Shutting down and abandoning module OpenGLDrv (24)
[2023.07.11-06.22.37:901][419]LogModuleManager: Shutting down and abandoning module D3D11RHI (22)
[2023.07.11-06.22.37:901][419]LogModuleManager: Shutting down and abandoning module AnimGraphRuntime (20)
[2023.07.11-06.22.37:901][419]LogModuleManager: Shutting down and abandoning module Renderer (18)
[2023.07.11-06.22.37:901][419]LogModuleManager: Shutting down and abandoning module Engine (16)
[2023.07.11-06.22.37:901][419]LogModuleManager: Shutting down and abandoning module CoreUObject (14)
[2023.07.11-06.22.37:901][419]LogModuleManager: Shutting down and abandoning module NetworkFile (12)
[2023.07.11-06.22.37:901][419]LogModuleManager: Shutting down and abandoning module CookedIterativeFile (10)
[2023.07.11-06.22.37:901][419]LogModuleManager: Shutting down and abandoning module StreamingFile (8)
[2023.07.11-06.22.37:901][419]LogModuleManager: Shutting down and abandoning module SandboxFile (6)
[2023.07.11-06.22.37:901][419]LogModuleManager: Shutting down and abandoning module PakFile (4)
[2023.07.11-06.22.37:901][419]LogModuleManager: Shutting down and abandoning module RSA (3)
[2023.07.11-06.22.37:910][419]LogExit: Exiting.
[2023.07.11-06.22.37:916][419]Log file closed, 07/11/23 14:22:37
